2025-08-09T00:15:33.810+05:30  INFO 8304 --- [QuizApplication_monorepo] [RMI TCP Connection(129)-127.0.0.1] inMXBeanRegistrar$SpringApplicationAdmin : Application shutdown requested.
2025-08-09T00:15:34.357+05:30  INFO 8304 --- [QuizApplication_monorepo] [RMI TCP Connection(129)-127.0.0.1] j.LocalContainerEntityManagerFactoryBean : Closing JPA EntityManagerFactory for persistence unit 'default'
2025-08-09T00:15:34.404+05:30  INFO 8304 --- [QuizApplication_monorepo] [RMI TCP Connection(129)-127.0.0.1] com.zaxxer.hikari.HikariDataSource       : HikariPool-13 - Shutdown initiated...
2025-08-09T00:15:34.421+05:30  INFO 8304 --- [QuizApplication_monorepo] [RMI TCP Connection(129)-127.0.0.1] com.zaxxer.hikari.HikariDataSource       : HikariPool-13 - Shutdown completed.
2025-08-09T09:12:07.649+05:30  INFO 6548 --- [QuizApplication_monorepo] [restartedMain] w.g.q.QuizApplicationMonorepoApplication : Starting QuizApplicationMonorepoApplication using Java 21.0.2 with PID 6548 (C:\Users\gopik\Downloads\Wipro-QuizApplication-Monorepo-main\Wipro-QuizApplication-Monorepo-main\target\classes started by gopik in C:\Users\gopik\Downloads\Wipro-QuizApplication-Monorepo-main\Wipro-QuizApplication-Monorepo-main)
2025-08-09T09:12:07.656+05:30  INFO 6548 --- [QuizApplication_monorepo] [restartedMain] w.g.q.QuizApplicationMonorepoApplication : No active profile set, falling back to 1 default profile: "default"
2025-08-09T09:12:07.801+05:30  INFO 6548 --- [QuizApplication_monorepo] [restartedMain] .e.DevToolsPropertyDefaultsPostProcessor : Devtools property defaults active! Set 'spring.devtools.add-properties' to 'false' to disable
2025-08-09T09:12:07.801+05:30  INFO 6548 --- [QuizApplication_monorepo] [restartedMain] .e.DevToolsPropertyDefaultsPostProcessor : For additional web related logging consider setting the 'logging.level.web' property to 'DEBUG'
2025-08-09T09:12:09.102+05:30  INFO 6548 --- [QuizApplication_monorepo] [restartedMain] .s.d.r.c.RepositoryConfigurationDelegate : Bootstrapping Spring Data JPA repositories in DEFAULT mode.
2025-08-09T09:12:09.222+05:30  INFO 6548 --- [QuizApplication_monorepo] [restartedMain] .s.d.r.c.RepositoryConfigurationDelegate : Finished Spring Data repository scanning in 103 ms. Found 2 JPA repository interfaces.
2025-08-09T09:12:09.627+05:30 DEBUG 6548 --- [QuizApplication_monorepo] [restartedMain] .s.a.a.a.ReflectiveAspectJAdvisorFactory : Found AspectJ method: public void com.wipro.gk.quizappmonorepo.aop.LoggingAspect.logBeforeMethod(org.aspectj.lang.JoinPoint)
2025-08-09T09:12:09.628+05:30 DEBUG 6548 --- [QuizApplication_monorepo] [restartedMain] .s.a.a.a.ReflectiveAspectJAdvisorFactory : Found AspectJ method: public void com.wipro.gk.quizappmonorepo.aop.LoggingAspect.logAfterMethod(org.aspectj.lang.JoinPoint,java.lang.Object)
2025-08-09T09:12:09.645+05:30 DEBUG 6548 --- [QuizApplication_monorepo] [restartedMain] .s.a.a.a.ReflectiveAspectJAdvisorFactory : Found AspectJ method: public void com.wipro.gk.quizappmonorepo.aop.LoggingAspect.logAfterException(org.aspectj.lang.JoinPoint,java.lang.Throwable)
2025-08-09T09:12:10.452+05:30  INFO 6548 --- [QuizApplication_monorepo] [restartedMain] o.s.b.w.embedded.tomcat.TomcatWebServer  : Tomcat initialized with port 8080 (http)
2025-08-09T09:12:10.480+05:30  INFO 6548 --- [QuizApplication_monorepo] [restartedMain] o.apache.catalina.core.StandardService   : Starting service [Tomcat]
2025-08-09T09:12:10.480+05:30  INFO 6548 --- [QuizApplication_monorepo] [restartedMain] o.apache.catalina.core.StandardEngine    : Starting Servlet engine: [Apache Tomcat/10.1.30]
2025-08-09T09:12:10.570+05:30  INFO 6548 --- [QuizApplication_monorepo] [restartedMain] o.a.c.c.C.[Tomcat].[localhost].[/]       : Initializing Spring embedded WebApplicationContext
2025-08-09T09:12:10.571+05:30  INFO 6548 --- [QuizApplication_monorepo] [restartedMain] w.s.c.ServletWebServerApplicationContext : Root WebApplicationContext: initialization completed in 2766 ms
2025-08-09T09:12:10.955+05:30  INFO 6548 --- [QuizApplication_monorepo] [restartedMain] o.hibernate.jpa.internal.util.LogHelper  : HHH000204: Processing PersistenceUnitInfo [name: default]
2025-08-09T09:12:11.109+05:30  INFO 6548 --- [QuizApplication_monorepo] [restartedMain] org.hibernate.Version                    : HHH000412: Hibernate ORM core version 6.5.3.Final
2025-08-09T09:12:11.187+05:30  INFO 6548 --- [QuizApplication_monorepo] [restartedMain] o.h.c.internal.RegionFactoryInitiator    : HHH000026: Second-level cache disabled
2025-08-09T09:12:11.730+05:30  INFO 6548 --- [QuizApplication_monorepo] [restartedMain] o.s.o.j.p.SpringPersistenceUnitInfo      : No LoadTimeWeaver setup: ignoring JPA class transformer
2025-08-09T09:12:11.788+05:30  INFO 6548 --- [QuizApplication_monorepo] [restartedMain] com.zaxxer.hikari.HikariDataSource       : HikariPool-1 - Starting...
2025-08-09T09:12:12.480+05:30  INFO 6548 --- [QuizApplication_monorepo] [restartedMain] com.zaxxer.hikari.pool.HikariPool        : HikariPool-1 - Added connection com.mysql.cj.jdbc.ConnectionImpl@1ce3219d
2025-08-09T09:12:12.488+05:30  INFO 6548 --- [QuizApplication_monorepo] [restartedMain] com.zaxxer.hikari.HikariDataSource       : HikariPool-1 - Start completed.
2025-08-09T09:12:12.623+05:30  WARN 6548 --- [QuizApplication_monorepo] [restartedMain] org.hibernate.orm.deprecation            : HHH90000025: MySQLDialect does not need to be specified explicitly using 'hibernate.dialect' (remove the property setting and it will be selected by default)
2025-08-09T09:12:14.171+05:30  INFO 6548 --- [QuizApplication_monorepo] [restartedMain] o.h.e.t.j.p.i.JtaPlatformInitiator       : HHH000489: No JTA platform available (set 'hibernate.transaction.jta.platform' to enable JTA platform integration)
2025-08-09T09:12:14.341+05:30  INFO 6548 --- [QuizApplication_monorepo] [restartedMain] j.LocalContainerEntityManagerFactoryBean : Initialized JPA EntityManagerFactory for persistence unit 'default'
2025-08-09T09:12:15.392+05:30  WARN 6548 --- [QuizApplication_monorepo] [restartedMain] JpaBaseConfiguration$JpaWebConfiguration : spring.jpa.open-in-view is enabled by default. Therefore, database queries may be performed during view rendering. Explicitly configure spring.jpa.open-in-view to disable this warning
2025-08-09T09:12:16.433+05:30  INFO 6548 --- [QuizApplication_monorepo] [restartedMain] o.s.b.d.a.OptionalLiveReloadServer       : LiveReload server is running on port 35729
2025-08-09T09:12:16.500+05:30  INFO 6548 --- [QuizApplication_monorepo] [restartedMain] o.s.b.w.embedded.tomcat.TomcatWebServer  : Tomcat started on port 8080 (http) with context path '/'
2025-08-09T09:12:16.511+05:30  INFO 6548 --- [QuizApplication_monorepo] [restartedMain] w.g.q.QuizApplicationMonorepoApplication : Started QuizApplicationMonorepoApplication in 9.629 seconds (process running for 10.944)
2025-08-09T09:13:12.428+05:30  INFO 6548 --- [QuizApplication_monorepo] [http-nio-8080-exec-1] o.a.c.c.C.[Tomcat].[localhost].[/]       : Initializing Spring DispatcherServlet 'dispatcherServlet'
2025-08-09T09:13:12.428+05:30  INFO 6548 --- [QuizApplication_monorepo] [http-nio-8080-exec-1] o.s.web.servlet.DispatcherServlet        : Initializing Servlet 'dispatcherServlet'
2025-08-09T09:13:12.431+05:30  INFO 6548 --- [QuizApplication_monorepo] [http-nio-8080-exec-1] o.s.web.servlet.DispatcherServlet        : Completed initialization in 1 ms
2025-08-09T09:19:27.105+05:30  WARN 6548 --- [QuizApplication_monorepo] [http-nio-8080-exec-5] .m.m.a.ExceptionHandlerExceptionResolver : Resolved [org.springframework.web.HttpRequestMethodNotSupportedException: Request method 'PUT' is not supported]
2025-08-09T09:19:35.378+05:30  WARN 6548 --- [QuizApplication_monorepo] [http-nio-8080-exec-7] .m.m.a.ExceptionHandlerExceptionResolver : Resolved [org.springframework.web.HttpRequestMethodNotSupportedException: Request method 'PATCH' is not supported]
2025-08-09T09:19:41.843+05:30  WARN 6548 --- [QuizApplication_monorepo] [http-nio-8080-exec-9] .m.m.a.ExceptionHandlerExceptionResolver : Resolved [org.springframework.web.HttpRequestMethodNotSupportedException: Request method 'PUT' is not supported]
2025-08-09T09:20:44.777+05:30  WARN 6548 --- [QuizApplication_monorepo] [http-nio-8080-exec-2] .m.m.a.ExceptionHandlerExceptionResolver : Resolved [com.wipro.gk.quizappmonorepo.exceptions.QuestionNotFoundException: Question not found with ID: 11]
2025-08-09T09:22:11.021+05:30  WARN 6548 --- [QuizApplication_monorepo] [http-nio-8080-exec-4] .m.m.a.ExceptionHandlerExceptionResolver : Resolved [com.wipro.gk.quizappmonorepo.exceptions.QuestionNotFoundException: Question not found with ID: 999]
2025-08-09T09:23:50.163+05:30  INFO 6548 --- [QuizApplication_monorepo] [File Watcher] rtingClassPathChangeChangedEventListener : Restarting due to 1 class path change (0 additions, 0 deletions, 1 modification)
2025-08-09T09:23:50.226+05:30  INFO 6548 --- [QuizApplication_monorepo] [Thread-5] j.LocalContainerEntityManagerFactoryBean : Closing JPA EntityManagerFactory for persistence unit 'default'
2025-08-09T09:23:50.253+05:30  INFO 6548 --- [QuizApplication_monorepo] [Thread-5] com.zaxxer.hikari.HikariDataSource       : HikariPool-1 - Shutdown initiated...
2025-08-09T09:23:50.313+05:30  INFO 6548 --- [QuizApplication_monorepo] [Thread-5] com.zaxxer.hikari.HikariDataSource       : HikariPool-1 - Shutdown completed.
2025-08-09T09:23:50.732+05:30  INFO 6548 --- [QuizApplication_monorepo] [restartedMain] w.g.q.QuizApplicationMonorepoApplication : Starting QuizApplicationMonorepoApplication using Java 21.0.2 with PID 6548 (C:\Users\gopik\Downloads\Wipro-QuizApplication-Monorepo-main\Wipro-QuizApplication-Monorepo-main\target\classes started by gopik in C:\Users\gopik\Downloads\Wipro-QuizApplication-Monorepo-main\Wipro-QuizApplication-Monorepo-main)
2025-08-09T09:23:50.733+05:30  INFO 6548 --- [QuizApplication_monorepo] [restartedMain] w.g.q.QuizApplicationMonorepoApplication : No active profile set, falling back to 1 default profile: "default"
2025-08-09T09:23:51.130+05:30  INFO 6548 --- [QuizApplication_monorepo] [restartedMain] .s.d.r.c.RepositoryConfigurationDelegate : Bootstrapping Spring Data JPA repositories in DEFAULT mode.
2025-08-09T09:23:51.155+05:30  INFO 6548 --- [QuizApplication_monorepo] [restartedMain] .s.d.r.c.RepositoryConfigurationDelegate : Finished Spring Data repository scanning in 24 ms. Found 2 JPA repository interfaces.
2025-08-09T09:23:51.257+05:30 DEBUG 6548 --- [QuizApplication_monorepo] [restartedMain] .s.a.a.a.ReflectiveAspectJAdvisorFactory : Found AspectJ method: public void com.wipro.gk.quizappmonorepo.aop.LoggingAspect.logBeforeMethod(org.aspectj.lang.JoinPoint)
2025-08-09T09:23:51.259+05:30 DEBUG 6548 --- [QuizApplication_monorepo] [restartedMain] .s.a.a.a.ReflectiveAspectJAdvisorFactory : Found AspectJ method: public void com.wipro.gk.quizappmonorepo.aop.LoggingAspect.logAfterMethod(org.aspectj.lang.JoinPoint,java.lang.Object)
2025-08-09T09:23:51.259+05:30 DEBUG 6548 --- [QuizApplication_monorepo] [restartedMain] .s.a.a.a.ReflectiveAspectJAdvisorFactory : Found AspectJ method: public void com.wipro.gk.quizappmonorepo.aop.LoggingAspect.logAfterException(org.aspectj.lang.JoinPoint,java.lang.Throwable)
2025-08-09T09:23:51.559+05:30  INFO 6548 --- [QuizApplication_monorepo] [restartedMain] o.s.b.w.embedded.tomcat.TomcatWebServer  : Tomcat initialized with port 8080 (http)
2025-08-09T09:23:51.562+05:30  INFO 6548 --- [QuizApplication_monorepo] [restartedMain] o.apache.catalina.core.StandardService   : Starting service [Tomcat]
2025-08-09T09:23:51.562+05:30  INFO 6548 --- [QuizApplication_monorepo] [restartedMain] o.apache.catalina.core.StandardEngine    : Starting Servlet engine: [Apache Tomcat/10.1.30]
2025-08-09T09:23:51.598+05:30  INFO 6548 --- [QuizApplication_monorepo] [restartedMain] o.a.c.c.C.[Tomcat].[localhost].[/]       : Initializing Spring embedded WebApplicationContext
2025-08-09T09:23:51.598+05:30  INFO 6548 --- [QuizApplication_monorepo] [restartedMain] w.s.c.ServletWebServerApplicationContext : Root WebApplicationContext: initialization completed in 859 ms
2025-08-09T09:23:51.733+05:30  INFO 6548 --- [QuizApplication_monorepo] [restartedMain] o.hibernate.jpa.internal.util.LogHelper  : HHH000204: Processing PersistenceUnitInfo [name: default]
2025-08-09T09:23:51.738+05:30  INFO 6548 --- [QuizApplication_monorepo] [restartedMain] o.h.c.internal.RegionFactoryInitiator    : HHH000026: Second-level cache disabled
2025-08-09T09:23:51.758+05:30  INFO 6548 --- [QuizApplication_monorepo] [restartedMain] o.s.o.j.p.SpringPersistenceUnitInfo      : No LoadTimeWeaver setup: ignoring JPA class transformer
2025-08-09T09:23:51.761+05:30  INFO 6548 --- [QuizApplication_monorepo] [restartedMain] com.zaxxer.hikari.HikariDataSource       : HikariPool-2 - Starting...
2025-08-09T09:23:51.853+05:30  INFO 6548 --- [QuizApplication_monorepo] [restartedMain] com.zaxxer.hikari.pool.HikariPool        : HikariPool-2 - Added connection com.mysql.cj.jdbc.ConnectionImpl@744cc4ea
2025-08-09T09:23:51.854+05:30  INFO 6548 --- [QuizApplication_monorepo] [restartedMain] com.zaxxer.hikari.HikariDataSource       : HikariPool-2 - Start completed.
2025-08-09T09:23:51.856+05:30  WARN 6548 --- [QuizApplication_monorepo] [restartedMain] org.hibernate.orm.deprecation            : HHH90000025: MySQLDialect does not need to be specified explicitly using 'hibernate.dialect' (remove the property setting and it will be selected by default)
2025-08-09T09:23:51.968+05:30  INFO 6548 --- [QuizApplication_monorepo] [restartedMain] o.h.e.t.j.p.i.JtaPlatformInitiator       : HHH000489: No JTA platform available (set 'hibernate.transaction.jta.platform' to enable JTA platform integration)
2025-08-09T09:23:52.103+05:30  INFO 6548 --- [QuizApplication_monorepo] [restartedMain] j.LocalContainerEntityManagerFactoryBean : Initialized JPA EntityManagerFactory for persistence unit 'default'
2025-08-09T09:23:52.652+05:30  WARN 6548 --- [QuizApplication_monorepo] [restartedMain] JpaBaseConfiguration$JpaWebConfiguration : spring.jpa.open-in-view is enabled by default. Therefore, database queries may be performed during view rendering. Explicitly configure spring.jpa.open-in-view to disable this warning
2025-08-09T09:23:53.657+05:30  INFO 6548 --- [QuizApplication_monorepo] [restartedMain] o.s.b.d.a.OptionalLiveReloadServer       : LiveReload server is running on port 35729
2025-08-09T09:23:53.680+05:30  INFO 6548 --- [QuizApplication_monorepo] [restartedMain] o.s.b.w.embedded.tomcat.TomcatWebServer  : Tomcat started on port 8080 (http) with context path '/'
2025-08-09T09:23:53.686+05:30  INFO 6548 --- [QuizApplication_monorepo] [restartedMain] w.g.q.QuizApplicationMonorepoApplication : Started QuizApplicationMonorepoApplication in 3.02 seconds (process running for 708.12)
2025-08-09T09:23:53.694+05:30  INFO 6548 --- [QuizApplication_monorepo] [restartedMain] .ConditionEvaluationDeltaLoggingListener : Condition evaluation unchanged
2025-08-09T09:23:55.686+05:30  INFO 6548 --- [QuizApplication_monorepo] [http-nio-8080-exec-2] o.a.c.c.C.[Tomcat].[localhost].[/]       : Initializing Spring DispatcherServlet 'dispatcherServlet'
2025-08-09T09:23:55.686+05:30  INFO 6548 --- [QuizApplication_monorepo] [http-nio-8080-exec-2] o.s.web.servlet.DispatcherServlet        : Initializing Servlet 'dispatcherServlet'
2025-08-09T09:23:55.687+05:30  INFO 6548 --- [QuizApplication_monorepo] [http-nio-8080-exec-2] o.s.web.servlet.DispatcherServlet        : Completed initialization in 1 ms
2025-08-09T09:23:55.734+05:30  WARN 6548 --- [QuizApplication_monorepo] [http-nio-8080-exec-2] .m.m.a.ExceptionHandlerExceptionResolver : Resolved [com.wipro.gk.quizappmonorepo.exceptions.QuestionNotFoundException: Question not found with ID: 999]
2025-08-09T09:27:24.732+05:30  WARN 6548 --- [QuizApplication_monorepo] [http-nio-8080-exec-6] .m.m.a.ExceptionHandlerExceptionResolver : Resolved [org.springframework.web.method.annotation.MethodArgumentTypeMismatchException: Failed to convert value of type 'java.lang.String' to required type 'com.wipro.gk.quizappmonorepo.enums.Category'; Failed to convert from type [java.lang.String] to type [@org.springframework.web.bind.annotation.PathVariable com.wipro.gk.quizappmonorepo.enums.Category] for value [PYTHON]]
2025-08-09T09:30:08.835+05:30  WARN 6548 --- [QuizApplication_monorepo] [http-nio-8080-exec-8] .m.m.a.ExceptionHandlerExceptionResolver : Resolved [com.wipro.gk.quizappmonorepo.exceptions.QuestionNotFoundException: Question not found with ID: 90]
2025-08-09T09:33:02.703+05:30  WARN 6548 --- [QuizApplication_monorepo] [http-nio-8080-exec-10] .m.m.a.ExceptionHandlerExceptionResolver : Resolved [org.springframework.web.servlet.resource.NoResourceFoundException: No static resource swagger-ui/index.html.]
2025-08-09T09:33:02.940+05:30  WARN 6548 --- [QuizApplication_monorepo] [http-nio-8080-exec-1] .m.m.a.ExceptionHandlerExceptionResolver : Resolved [org.springframework.web.servlet.resource.NoResourceFoundException: No static resource favicon.ico.]
2025-08-09T09:36:23.723+05:30  INFO 6548 --- [QuizApplication_monorepo] [File Watcher] rtingClassPathChangeChangedEventListener : Restarting due to 22 class path changes (0 additions, 0 deletions, 22 modifications)
2025-08-09T09:36:24.120+05:30  INFO 6548 --- [QuizApplication_monorepo] [Thread-7] j.LocalContainerEntityManagerFactoryBean : Closing JPA EntityManagerFactory for persistence unit 'default'
2025-08-09T09:36:24.206+05:30  INFO 6548 --- [QuizApplication_monorepo] [Thread-7] com.zaxxer.hikari.HikariDataSource       : HikariPool-2 - Shutdown initiated...
2025-08-09T09:36:24.345+05:30  INFO 6548 --- [QuizApplication_monorepo] [Thread-7] com.zaxxer.hikari.HikariDataSource       : HikariPool-2 - Shutdown completed.
2025-08-09T09:36:25.235+05:30  INFO 6548 --- [QuizApplication_monorepo] [restartedMain] w.g.q.QuizApplicationMonorepoApplication : Starting QuizApplicationMonorepoApplication using Java 21.0.2 with PID 6548 (C:\Users\gopik\Downloads\Wipro-QuizApplication-Monorepo-main\Wipro-QuizApplication-Monorepo-main\target\classes started by gopik in C:\Users\gopik\Downloads\Wipro-QuizApplication-Monorepo-main\Wipro-QuizApplication-Monorepo-main)
2025-08-09T09:36:25.236+05:30  INFO 6548 --- [QuizApplication_monorepo] [restartedMain] w.g.q.QuizApplicationMonorepoApplication : No active profile set, falling back to 1 default profile: "default"
2025-08-09T09:36:25.592+05:30  INFO 6548 --- [QuizApplication_monorepo] [restartedMain] .s.d.r.c.RepositoryConfigurationDelegate : Bootstrapping Spring Data JPA repositories in DEFAULT mode.
2025-08-09T09:36:25.623+05:30  INFO 6548 --- [QuizApplication_monorepo] [restartedMain] .s.d.r.c.RepositoryConfigurationDelegate : Finished Spring Data repository scanning in 29 ms. Found 2 JPA repository interfaces.
2025-08-09T09:36:25.724+05:30 DEBUG 6548 --- [QuizApplication_monorepo] [restartedMain] .s.a.a.a.ReflectiveAspectJAdvisorFactory : Found AspectJ method: public void com.wipro.gk.quizappmonorepo.aop.LoggingAspect.logBeforeMethod(org.aspectj.lang.JoinPoint)
2025-08-09T09:36:25.724+05:30 DEBUG 6548 --- [QuizApplication_monorepo] [restartedMain] .s.a.a.a.ReflectiveAspectJAdvisorFactory : Found AspectJ method: public void com.wipro.gk.quizappmonorepo.aop.LoggingAspect.logAfterMethod(org.aspectj.lang.JoinPoint,java.lang.Object)
2025-08-09T09:36:25.725+05:30 DEBUG 6548 --- [QuizApplication_monorepo] [restartedMain] .s.a.a.a.ReflectiveAspectJAdvisorFactory : Found AspectJ method: public void com.wipro.gk.quizappmonorepo.aop.LoggingAspect.logAfterException(org.aspectj.lang.JoinPoint,java.lang.Throwable)
2025-08-09T09:36:26.057+05:30  INFO 6548 --- [QuizApplication_monorepo] [restartedMain] o.s.b.w.embedded.tomcat.TomcatWebServer  : Tomcat initialized with port 8080 (http)
2025-08-09T09:36:26.058+05:30  INFO 6548 --- [QuizApplication_monorepo] [restartedMain] o.apache.catalina.core.StandardService   : Starting service [Tomcat]
2025-08-09T09:36:26.058+05:30  INFO 6548 --- [QuizApplication_monorepo] [restartedMain] o.apache.catalina.core.StandardEngine    : Starting Servlet engine: [Apache Tomcat/10.1.30]
2025-08-09T09:36:26.108+05:30  INFO 6548 --- [QuizApplication_monorepo] [restartedMain] o.a.c.c.C.[Tomcat].[localhost].[/]       : Initializing Spring embedded WebApplicationContext
2025-08-09T09:36:26.108+05:30  INFO 6548 --- [QuizApplication_monorepo] [restartedMain] w.s.c.ServletWebServerApplicationContext : Root WebApplicationContext: initialization completed in 869 ms
2025-08-09T09:36:26.229+05:30  INFO 6548 --- [QuizApplication_monorepo] [restartedMain] o.hibernate.jpa.internal.util.LogHelper  : HHH000204: Processing PersistenceUnitInfo [name: default]
2025-08-09T09:36:26.234+05:30  INFO 6548 --- [QuizApplication_monorepo] [restartedMain] o.h.c.internal.RegionFactoryInitiator    : HHH000026: Second-level cache disabled
2025-08-09T09:36:26.250+05:30  INFO 6548 --- [QuizApplication_monorepo] [restartedMain] o.s.o.j.p.SpringPersistenceUnitInfo      : No LoadTimeWeaver setup: ignoring JPA class transformer
2025-08-09T09:36:26.252+05:30  INFO 6548 --- [QuizApplication_monorepo] [restartedMain] com.zaxxer.hikari.HikariDataSource       : HikariPool-3 - Starting...
2025-08-09T09:36:26.384+05:30  INFO 6548 --- [QuizApplication_monorepo] [restartedMain] com.zaxxer.hikari.pool.HikariPool        : HikariPool-3 - Added connection com.mysql.cj.jdbc.ConnectionImpl@1815a6df
2025-08-09T09:36:26.384+05:30  INFO 6548 --- [QuizApplication_monorepo] [restartedMain] com.zaxxer.hikari.HikariDataSource       : HikariPool-3 - Start completed.
2025-08-09T09:36:26.388+05:30  WARN 6548 --- [QuizApplication_monorepo] [restartedMain] org.hibernate.orm.deprecation            : HHH90000025: MySQLDialect does not need to be specified explicitly using 'hibernate.dialect' (remove the property setting and it will be selected by default)
2025-08-09T09:36:26.489+05:30  INFO 6548 --- [QuizApplication_monorepo] [restartedMain] o.h.e.t.j.p.i.JtaPlatformInitiator       : HHH000489: No JTA platform available (set 'hibernate.transaction.jta.platform' to enable JTA platform integration)
2025-08-09T09:36:26.673+05:30  INFO 6548 --- [QuizApplication_monorepo] [restartedMain] j.LocalContainerEntityManagerFactoryBean : Initialized JPA EntityManagerFactory for persistence unit 'default'
2025-08-09T09:36:27.231+05:30  WARN 6548 --- [QuizApplication_monorepo] [restartedMain] JpaBaseConfiguration$JpaWebConfiguration : spring.jpa.open-in-view is enabled by default. Therefore, database queries may be performed during view rendering. Explicitly configure spring.jpa.open-in-view to disable this warning
2025-08-09T09:36:27.899+05:30  INFO 6548 --- [QuizApplication_monorepo] [restartedMain] o.s.b.d.a.OptionalLiveReloadServer       : LiveReload server is running on port 35729
2025-08-09T09:36:27.916+05:30  INFO 6548 --- [QuizApplication_monorepo] [restartedMain] o.s.b.w.embedded.tomcat.TomcatWebServer  : Tomcat started on port 8080 (http) with context path '/'
2025-08-09T09:36:27.921+05:30  INFO 6548 --- [QuizApplication_monorepo] [restartedMain] w.g.q.QuizApplicationMonorepoApplication : Started QuizApplicationMonorepoApplication in 2.762 seconds (process running for 1462.355)
2025-08-09T09:36:27.922+05:30  INFO 6548 --- [QuizApplication_monorepo] [restartedMain] .ConditionEvaluationDeltaLoggingListener : Condition evaluation unchanged
2025-08-09T09:37:12.272+05:30  INFO 6548 --- [QuizApplication_monorepo] [http-nio-8080-exec-1] o.a.c.c.C.[Tomcat].[localhost].[/]       : Initializing Spring DispatcherServlet 'dispatcherServlet'
2025-08-09T09:37:12.272+05:30  INFO 6548 --- [QuizApplication_monorepo] [http-nio-8080-exec-1] o.s.web.servlet.DispatcherServlet        : Initializing Servlet 'dispatcherServlet'
2025-08-09T09:37:12.277+05:30  INFO 6548 --- [QuizApplication_monorepo] [http-nio-8080-exec-1] o.s.web.servlet.DispatcherServlet        : Completed initialization in 5 ms
2025-08-09T09:37:12.304+05:30  WARN 6548 --- [QuizApplication_monorepo] [http-nio-8080-exec-1] .m.m.a.ExceptionHandlerExceptionResolver : Resolved [org.springframework.web.servlet.resource.NoResourceFoundException: No static resource swagger-ui/index.html.]
2025-08-09T09:37:12.528+05:30  WARN 6548 --- [QuizApplication_monorepo] [http-nio-8080-exec-2] .m.m.a.ExceptionHandlerExceptionResolver : Resolved [org.springframework.web.servlet.resource.NoResourceFoundException: No static resource favicon.ico.]
2025-08-09T09:37:14.891+05:30  WARN 6548 --- [QuizApplication_monorepo] [http-nio-8080-exec-3] .m.m.a.ExceptionHandlerExceptionResolver : Resolved [org.springframework.web.servlet.resource.NoResourceFoundException: No static resource swagger-ui/index.html.]
2025-08-09T09:37:14.932+05:30  WARN 6548 --- [QuizApplication_monorepo] [http-nio-8080-exec-5] .m.m.a.ExceptionHandlerExceptionResolver : Resolved [org.springframework.web.servlet.resource.NoResourceFoundException: No static resource favicon.ico.]
2025-08-09T09:37:45.467+05:30  WARN 6548 --- [QuizApplication_monorepo] [http-nio-8080-exec-4] .m.m.a.ExceptionHandlerExceptionResolver : Resolved [org.springframework.web.servlet.resource.NoResourceFoundException: No static resource api-docs.]
2025-08-09T09:37:45.529+05:30  WARN 6548 --- [QuizApplication_monorepo] [http-nio-8080-exec-6] .m.m.a.ExceptionHandlerExceptionResolver : Resolved [org.springframework.web.servlet.resource.NoResourceFoundException: No static resource favicon.ico.]
2025-08-09T09:37:50.390+05:30  WARN 6548 --- [QuizApplication_monorepo] [http-nio-8080-exec-7] .m.m.a.ExceptionHandlerExceptionResolver : Resolved [org.springframework.web.servlet.resource.NoResourceFoundException: No static resource api-docs.]
2025-08-09T09:37:50.423+05:30  WARN 6548 --- [QuizApplication_monorepo] [http-nio-8080-exec-9] .m.m.a.ExceptionHandlerExceptionResolver : Resolved [org.springframework.web.servlet.resource.NoResourceFoundException: No static resource favicon.ico.]
2025-08-09T09:39:35.406+05:30  INFO 6548 --- [QuizApplication_monorepo] [File Watcher] rtingClassPathChangeChangedEventListener : Restarting due to 22 class path changes (0 additions, 0 deletions, 22 modifications)
2025-08-09T09:39:35.415+05:30  INFO 6548 --- [QuizApplication_monorepo] [Thread-11] j.LocalContainerEntityManagerFactoryBean : Closing JPA EntityManagerFactory for persistence unit 'default'
2025-08-09T09:39:35.416+05:30  INFO 6548 --- [QuizApplication_monorepo] [Thread-11] com.zaxxer.hikari.HikariDataSource       : HikariPool-3 - Shutdown initiated...
2025-08-09T09:39:35.423+05:30  INFO 6548 --- [QuizApplication_monorepo] [Thread-11] com.zaxxer.hikari.HikariDataSource       : HikariPool-3 - Shutdown completed.
2025-08-09T09:39:35.576+05:30  INFO 6548 --- [QuizApplication_monorepo] [restartedMain] w.g.q.QuizApplicationMonorepoApplication : Starting QuizApplicationMonorepoApplication using Java 21.0.2 with PID 6548 (C:\Users\gopik\Downloads\Wipro-QuizApplication-Monorepo-main\Wipro-QuizApplication-Monorepo-main\target\classes started by gopik in C:\Users\gopik\Downloads\Wipro-QuizApplication-Monorepo-main\Wipro-QuizApplication-Monorepo-main)
2025-08-09T09:39:35.577+05:30  INFO 6548 --- [QuizApplication_monorepo] [restartedMain] w.g.q.QuizApplicationMonorepoApplication : No active profile set, falling back to 1 default profile: "default"
2025-08-09T09:39:35.884+05:30  INFO 6548 --- [QuizApplication_monorepo] [restartedMain] .s.d.r.c.RepositoryConfigurationDelegate : Bootstrapping Spring Data JPA repositories in DEFAULT mode.
2025-08-09T09:39:35.910+05:30  INFO 6548 --- [QuizApplication_monorepo] [restartedMain] .s.d.r.c.RepositoryConfigurationDelegate : Finished Spring Data repository scanning in 25 ms. Found 2 JPA repository interfaces.
2025-08-09T09:39:36.006+05:30 DEBUG 6548 --- [QuizApplication_monorepo] [restartedMain] .s.a.a.a.ReflectiveAspectJAdvisorFactory : Found AspectJ method: public void com.wipro.gk.quizappmonorepo.aop.LoggingAspect.logBeforeMethod(org.aspectj.lang.JoinPoint)
2025-08-09T09:39:36.006+05:30 DEBUG 6548 --- [QuizApplication_monorepo] [restartedMain] .s.a.a.a.ReflectiveAspectJAdvisorFactory : Found AspectJ method: public void com.wipro.gk.quizappmonorepo.aop.LoggingAspect.logAfterMethod(org.aspectj.lang.JoinPoint,java.lang.Object)
2025-08-09T09:39:36.006+05:30 DEBUG 6548 --- [QuizApplication_monorepo] [restartedMain] .s.a.a.a.ReflectiveAspectJAdvisorFactory : Found AspectJ method: public void com.wipro.gk.quizappmonorepo.aop.LoggingAspect.logAfterException(org.aspectj.lang.JoinPoint,java.lang.Throwable)
2025-08-09T09:39:36.376+05:30  INFO 6548 --- [QuizApplication_monorepo] [restartedMain] o.s.b.w.embedded.tomcat.TomcatWebServer  : Tomcat initialized with port 8080 (http)
2025-08-09T09:39:36.389+05:30  INFO 6548 --- [QuizApplication_monorepo] [restartedMain] o.apache.catalina.core.StandardService   : Starting service [Tomcat]
2025-08-09T09:39:36.390+05:30  INFO 6548 --- [QuizApplication_monorepo] [restartedMain] o.apache.catalina.core.StandardEngine    : Starting Servlet engine: [Apache Tomcat/10.1.30]
2025-08-09T09:39:36.457+05:30  INFO 6548 --- [QuizApplication_monorepo] [restartedMain] o.a.c.c.C.[Tomcat].[localhost].[/]       : Initializing Spring embedded WebApplicationContext
2025-08-09T09:39:36.458+05:30  INFO 6548 --- [QuizApplication_monorepo] [restartedMain] w.s.c.ServletWebServerApplicationContext : Root WebApplicationContext: initialization completed in 876 ms
2025-08-09T09:39:36.605+05:30  INFO 6548 --- [QuizApplication_monorepo] [restartedMain] o.hibernate.jpa.internal.util.LogHelper  : HHH000204: Processing PersistenceUnitInfo [name: default]
2025-08-09T09:39:36.609+05:30  INFO 6548 --- [QuizApplication_monorepo] [restartedMain] o.h.c.internal.RegionFactoryInitiator    : HHH000026: Second-level cache disabled
2025-08-09T09:39:36.626+05:30  INFO 6548 --- [QuizApplication_monorepo] [restartedMain] o.s.o.j.p.SpringPersistenceUnitInfo      : No LoadTimeWeaver setup: ignoring JPA class transformer
2025-08-09T09:39:36.630+05:30  INFO 6548 --- [QuizApplication_monorepo] [restartedMain] com.zaxxer.hikari.HikariDataSource       : HikariPool-4 - Starting...
2025-08-09T09:39:36.658+05:30  INFO 6548 --- [QuizApplication_monorepo] [restartedMain] com.zaxxer.hikari.pool.HikariPool        : HikariPool-4 - Added connection com.mysql.cj.jdbc.ConnectionImpl@5f330540
2025-08-09T09:39:36.659+05:30  INFO 6548 --- [QuizApplication_monorepo] [restartedMain] com.zaxxer.hikari.HikariDataSource       : HikariPool-4 - Start completed.
2025-08-09T09:39:36.663+05:30  WARN 6548 --- [QuizApplication_monorepo] [restartedMain] org.hibernate.orm.deprecation            : HHH90000025: MySQLDialect does not need to be specified explicitly using 'hibernate.dialect' (remove the property setting and it will be selected by default)
2025-08-09T09:39:36.757+05:30  INFO 6548 --- [QuizApplication_monorepo] [restartedMain] o.h.e.t.j.p.i.JtaPlatformInitiator       : HHH000489: No JTA platform available (set 'hibernate.transaction.jta.platform' to enable JTA platform integration)
2025-08-09T09:39:36.821+05:30  INFO 6548 --- [QuizApplication_monorepo] [restartedMain] j.LocalContainerEntityManagerFactoryBean : Initialized JPA EntityManagerFactory for persistence unit 'default'
2025-08-09T09:39:37.423+05:30  WARN 6548 --- [QuizApplication_monorepo] [restartedMain] JpaBaseConfiguration$JpaWebConfiguration : spring.jpa.open-in-view is enabled by default. Therefore, database queries may be performed during view rendering. Explicitly configure spring.jpa.open-in-view to disable this warning
2025-08-09T09:39:38.140+05:30  INFO 6548 --- [QuizApplication_monorepo] [restartedMain] o.s.b.d.a.OptionalLiveReloadServer       : LiveReload server is running on port 35729
2025-08-09T09:39:38.160+05:30  INFO 6548 --- [QuizApplication_monorepo] [restartedMain] o.s.b.w.embedded.tomcat.TomcatWebServer  : Tomcat started on port 8080 (http) with context path '/'
2025-08-09T09:39:38.165+05:30  INFO 6548 --- [QuizApplication_monorepo] [restartedMain] w.g.q.QuizApplicationMonorepoApplication : Started QuizApplicationMonorepoApplication in 2.639 seconds (process running for 1652.598)
2025-08-09T09:39:38.167+05:30  INFO 6548 --- [QuizApplication_monorepo] [restartedMain] .ConditionEvaluationDeltaLoggingListener : Condition evaluation unchanged
2025-08-09T09:40:38.156+05:30  INFO 6548 --- [QuizApplication_monorepo] [http-nio-8080-exec-2] o.a.c.c.C.[Tomcat].[localhost].[/]       : Initializing Spring DispatcherServlet 'dispatcherServlet'
2025-08-09T09:40:38.156+05:30  INFO 6548 --- [QuizApplication_monorepo] [http-nio-8080-exec-2] o.s.web.servlet.DispatcherServlet        : Initializing Servlet 'dispatcherServlet'
2025-08-09T09:40:38.157+05:30  INFO 6548 --- [QuizApplication_monorepo] [http-nio-8080-exec-2] o.s.web.servlet.DispatcherServlet        : Completed initialization in 1 ms
2025-08-09T09:40:38.167+05:30  WARN 6548 --- [QuizApplication_monorepo] [http-nio-8080-exec-2] .m.m.a.ExceptionHandlerExceptionResolver : Resolved [org.springframework.web.servlet.resource.NoResourceFoundException: No static resource api-docs.]
2025-08-09T09:40:38.190+05:30  WARN 6548 --- [QuizApplication_monorepo] [http-nio-8080-exec-1] .m.m.a.ExceptionHandlerExceptionResolver : Resolved [org.springframework.web.servlet.resource.NoResourceFoundException: No static resource favicon.ico.]
2025-08-09T09:40:45.917+05:30  INFO 6548 --- [QuizApplication_monorepo] [RMI TCP Connection(33)-127.0.0.1] inMXBeanRegistrar$SpringApplicationAdmin : Application shutdown requested.
2025-08-09T09:40:45.926+05:30  INFO 6548 --- [QuizApplication_monorepo] [RMI TCP Connection(33)-127.0.0.1] j.LocalContainerEntityManagerFactoryBean : Closing JPA EntityManagerFactory for persistence unit 'default'
2025-08-09T09:40:45.926+05:30  INFO 6548 --- [QuizApplication_monorepo] [RMI TCP Connection(33)-127.0.0.1] com.zaxxer.hikari.HikariDataSource       : HikariPool-4 - Shutdown initiated...
2025-08-09T09:40:45.932+05:30  INFO 6548 --- [QuizApplication_monorepo] [RMI TCP Connection(33)-127.0.0.1] com.zaxxer.hikari.HikariDataSource       : HikariPool-4 - Shutdown completed.
2025-08-09T09:40:58.527+05:30  INFO 26792 --- [QuizApplication_monorepo] [restartedMain] w.g.q.QuizApplicationMonorepoApplication : Starting QuizApplicationMonorepoApplication using Java 21.0.2 with PID 26792 (C:\Users\gopik\Downloads\Wipro-QuizApplication-Monorepo-main\Wipro-QuizApplication-Monorepo-main\target\classes started by gopik in C:\Users\gopik\Downloads\Wipro-QuizApplication-Monorepo-main\Wipro-QuizApplication-Monorepo-main)
2025-08-09T09:40:58.529+05:30  INFO 26792 --- [QuizApplication_monorepo] [restartedMain] w.g.q.QuizApplicationMonorepoApplication : No active profile set, falling back to 1 default profile: "default"
2025-08-09T09:40:58.599+05:30  INFO 26792 --- [QuizApplication_monorepo] [restartedMain] .e.DevToolsPropertyDefaultsPostProcessor : Devtools property defaults active! Set 'spring.devtools.add-properties' to 'false' to disable
2025-08-09T09:40:58.600+05:30  INFO 26792 --- [QuizApplication_monorepo] [restartedMain] .e.DevToolsPropertyDefaultsPostProcessor : For additional web related logging consider setting the 'logging.level.web' property to 'DEBUG'
2025-08-09T09:40:59.724+05:30  INFO 26792 --- [QuizApplication_monorepo] [restartedMain] .s.d.r.c.RepositoryConfigurationDelegate : Bootstrapping Spring Data JPA repositories in DEFAULT mode.
2025-08-09T09:40:59.808+05:30  INFO 26792 --- [QuizApplication_monorepo] [restartedMain] .s.d.r.c.RepositoryConfigurationDelegate : Finished Spring Data repository scanning in 74 ms. Found 2 JPA repository interfaces.
2025-08-09T09:41:00.262+05:30 DEBUG 26792 --- [QuizApplication_monorepo] [restartedMain] .s.a.a.a.ReflectiveAspectJAdvisorFactory : Found AspectJ method: public void com.wipro.gk.quizappmonorepo.aop.LoggingAspect.logBeforeMethod(org.aspectj.lang.JoinPoint)
2025-08-09T09:41:00.264+05:30 DEBUG 26792 --- [QuizApplication_monorepo] [restartedMain] .s.a.a.a.ReflectiveAspectJAdvisorFactory : Found AspectJ method: public void com.wipro.gk.quizappmonorepo.aop.LoggingAspect.logAfterMethod(org.aspectj.lang.JoinPoint,java.lang.Object)
2025-08-09T09:41:00.280+05:30 DEBUG 26792 --- [QuizApplication_monorepo] [restartedMain] .s.a.a.a.ReflectiveAspectJAdvisorFactory : Found AspectJ method: public void com.wipro.gk.quizappmonorepo.aop.LoggingAspect.logAfterException(org.aspectj.lang.JoinPoint,java.lang.Throwable)
2025-08-09T09:41:01.013+05:30  INFO 26792 --- [QuizApplication_monorepo] [restartedMain] o.s.b.w.embedded.tomcat.TomcatWebServer  : Tomcat initialized with port 8080 (http)
2025-08-09T09:41:01.036+05:30  INFO 26792 --- [QuizApplication_monorepo] [restartedMain] o.apache.catalina.core.StandardService   : Starting service [Tomcat]
2025-08-09T09:41:01.036+05:30  INFO 26792 --- [QuizApplication_monorepo] [restartedMain] o.apache.catalina.core.StandardEngine    : Starting Servlet engine: [Apache Tomcat/10.1.30]
2025-08-09T09:41:01.130+05:30  INFO 26792 --- [QuizApplication_monorepo] [restartedMain] o.a.c.c.C.[Tomcat].[localhost].[/]       : Initializing Spring embedded WebApplicationContext
2025-08-09T09:41:01.131+05:30  INFO 26792 --- [QuizApplication_monorepo] [restartedMain] w.s.c.ServletWebServerApplicationContext : Root WebApplicationContext: initialization completed in 2530 ms
2025-08-09T09:41:01.437+05:30  INFO 26792 --- [QuizApplication_monorepo] [restartedMain] o.hibernate.jpa.internal.util.LogHelper  : HHH000204: Processing PersistenceUnitInfo [name: default]
2025-08-09T09:41:01.567+05:30  INFO 26792 --- [QuizApplication_monorepo] [restartedMain] org.hibernate.Version                    : HHH000412: Hibernate ORM core version 6.5.3.Final
2025-08-09T09:41:01.636+05:30  INFO 26792 --- [QuizApplication_monorepo] [restartedMain] o.h.c.internal.RegionFactoryInitiator    : HHH000026: Second-level cache disabled
2025-08-09T09:41:02.185+05:30  INFO 26792 --- [QuizApplication_monorepo] [restartedMain] o.s.o.j.p.SpringPersistenceUnitInfo      : No LoadTimeWeaver setup: ignoring JPA class transformer
2025-08-09T09:41:02.239+05:30  INFO 26792 --- [QuizApplication_monorepo] [restartedMain] com.zaxxer.hikari.HikariDataSource       : HikariPool-1 - Starting...
2025-08-09T09:41:02.792+05:30  INFO 26792 --- [QuizApplication_monorepo] [restartedMain] com.zaxxer.hikari.pool.HikariPool        : HikariPool-1 - Added connection com.mysql.cj.jdbc.ConnectionImpl@635459f0
2025-08-09T09:41:02.797+05:30  INFO 26792 --- [QuizApplication_monorepo] [restartedMain] com.zaxxer.hikari.HikariDataSource       : HikariPool-1 - Start completed.
2025-08-09T09:41:02.929+05:30  WARN 26792 --- [QuizApplication_monorepo] [restartedMain] org.hibernate.orm.deprecation            : HHH90000025: MySQLDialect does not need to be specified explicitly using 'hibernate.dialect' (remove the property setting and it will be selected by default)
2025-08-09T09:41:04.438+05:30  INFO 26792 --- [QuizApplication_monorepo] [restartedMain] o.h.e.t.j.p.i.JtaPlatformInitiator       : HHH000489: No JTA platform available (set 'hibernate.transaction.jta.platform' to enable JTA platform integration)
2025-08-09T09:41:04.568+05:30  INFO 26792 --- [QuizApplication_monorepo] [restartedMain] j.LocalContainerEntityManagerFactoryBean : Initialized JPA EntityManagerFactory for persistence unit 'default'
2025-08-09T09:41:05.613+05:30  WARN 26792 --- [QuizApplication_monorepo] [restartedMain] JpaBaseConfiguration$JpaWebConfiguration : spring.jpa.open-in-view is enabled by default. Therefore, database queries may be performed during view rendering. Explicitly configure spring.jpa.open-in-view to disable this warning
2025-08-09T09:41:07.197+05:30  INFO 26792 --- [QuizApplication_monorepo] [restartedMain] o.s.b.d.a.OptionalLiveReloadServer       : LiveReload server is running on port 35729
2025-08-09T09:41:07.269+05:30  INFO 26792 --- [QuizApplication_monorepo] [restartedMain] o.s.b.w.embedded.tomcat.TomcatWebServer  : Tomcat started on port 8080 (http) with context path '/'
2025-08-09T09:41:07.288+05:30  INFO 26792 --- [QuizApplication_monorepo] [restartedMain] w.g.q.QuizApplicationMonorepoApplication : Started QuizApplicationMonorepoApplication in 9.308 seconds (process running for 10.291)
2025-08-09T09:41:35.243+05:30  INFO 26792 --- [QuizApplication_monorepo] [http-nio-8080-exec-1] o.a.c.c.C.[Tomcat].[localhost].[/]       : Initializing Spring DispatcherServlet 'dispatcherServlet'
2025-08-09T09:41:35.243+05:30  INFO 26792 --- [QuizApplication_monorepo] [http-nio-8080-exec-1] o.s.web.servlet.DispatcherServlet        : Initializing Servlet 'dispatcherServlet'
2025-08-09T09:41:35.244+05:30  INFO 26792 --- [QuizApplication_monorepo] [http-nio-8080-exec-1] o.s.web.servlet.DispatcherServlet        : Completed initialization in 0 ms
2025-08-09T09:41:35.382+05:30  WARN 26792 --- [QuizApplication_monorepo] [http-nio-8080-exec-1] .m.m.a.ExceptionHandlerExceptionResolver : Resolved [org.springframework.web.servlet.resource.NoResourceFoundException: No static resource swagger-ui.html.]
2025-08-09T09:41:35.492+05:30  WARN 26792 --- [QuizApplication_monorepo] [http-nio-8080-exec-2] .m.m.a.ExceptionHandlerExceptionResolver : Resolved [org.springframework.web.servlet.resource.NoResourceFoundException: No static resource favicon.ico.]
2025-08-09T09:45:33.585+05:30  INFO 26792 --- [QuizApplication_monorepo] [File Watcher] rtingClassPathChangeChangedEventListener : Restarting due to 3 class path changes (0 additions, 0 deletions, 3 modifications)
2025-08-09T09:45:34.035+05:30  INFO 26792 --- [QuizApplication_monorepo] [Thread-5] j.LocalContainerEntityManagerFactoryBean : Closing JPA EntityManagerFactory for persistence unit 'default'
2025-08-09T09:45:34.250+05:30  INFO 26792 --- [QuizApplication_monorepo] [Thread-5] com.zaxxer.hikari.HikariDataSource       : HikariPool-1 - Shutdown initiated...
2025-08-09T09:45:34.410+05:30  INFO 26792 --- [QuizApplication_monorepo] [Thread-5] com.zaxxer.hikari.HikariDataSource       : HikariPool-1 - Shutdown completed.
2025-08-09T09:45:35.132+05:30  INFO 26792 --- [QuizApplication_monorepo] [restartedMain] w.g.q.QuizApplicationMonorepoApplication : Starting QuizApplicationMonorepoApplication using Java 21.0.2 with PID 26792 (C:\Users\gopik\Downloads\Wipro-QuizApplication-Monorepo-main\Wipro-QuizApplication-Monorepo-main\target\classes started by gopik in C:\Users\gopik\Downloads\Wipro-QuizApplication-Monorepo-main\Wipro-QuizApplication-Monorepo-main)
2025-08-09T09:45:35.134+05:30  INFO 26792 --- [QuizApplication_monorepo] [restartedMain] w.g.q.QuizApplicationMonorepoApplication : No active profile set, falling back to 1 default profile: "default"
2025-08-09T09:45:35.946+05:30  INFO 26792 --- [QuizApplication_monorepo] [restartedMain] .s.d.r.c.RepositoryConfigurationDelegate : Bootstrapping Spring Data JPA repositories in DEFAULT mode.
2025-08-09T09:45:36.025+05:30  INFO 26792 --- [QuizApplication_monorepo] [restartedMain] .s.d.r.c.RepositoryConfigurationDelegate : Finished Spring Data repository scanning in 78 ms. Found 2 JPA repository interfaces.
2025-08-09T09:45:36.556+05:30 DEBUG 26792 --- [QuizApplication_monorepo] [restartedMain] .s.a.a.a.ReflectiveAspectJAdvisorFactory : Found AspectJ method: public void com.wipro.gk.quizappmonorepo.aop.LoggingAspect.logBeforeMethod(org.aspectj.lang.JoinPoint)
2025-08-09T09:45:36.561+05:30 DEBUG 26792 --- [QuizApplication_monorepo] [restartedMain] .s.a.a.a.ReflectiveAspectJAdvisorFactory : Found AspectJ method: public void com.wipro.gk.quizappmonorepo.aop.LoggingAspect.logAfterMethod(org.aspectj.lang.JoinPoint,java.lang.Object)
2025-08-09T09:45:36.565+05:30 DEBUG 26792 --- [QuizApplication_monorepo] [restartedMain] .s.a.a.a.ReflectiveAspectJAdvisorFactory : Found AspectJ method: public void com.wipro.gk.quizappmonorepo.aop.LoggingAspect.logAfterException(org.aspectj.lang.JoinPoint,java.lang.Throwable)
2025-08-09T09:45:39.111+05:30  INFO 26792 --- [QuizApplication_monorepo] [restartedMain] o.s.b.w.embedded.tomcat.TomcatWebServer  : Tomcat initialized with port 8080 (http)
2025-08-09T09:45:39.126+05:30  INFO 26792 --- [QuizApplication_monorepo] [restartedMain] o.apache.catalina.core.StandardService   : Starting service [Tomcat]
2025-08-09T09:45:39.126+05:30  INFO 26792 --- [QuizApplication_monorepo] [restartedMain] o.apache.catalina.core.StandardEngine    : Starting Servlet engine: [Apache Tomcat/10.1.30]
2025-08-09T09:45:39.306+05:30  INFO 26792 --- [QuizApplication_monorepo] [restartedMain] o.a.c.c.C.[Tomcat].[localhost].[/]       : Initializing Spring embedded WebApplicationContext
2025-08-09T09:45:39.307+05:30  INFO 26792 --- [QuizApplication_monorepo] [restartedMain] w.s.c.ServletWebServerApplicationContext : Root WebApplicationContext: initialization completed in 4166 ms
2025-08-09T09:45:40.522+05:30  INFO 26792 --- [QuizApplication_monorepo] [restartedMain] o.hibernate.jpa.internal.util.LogHelper  : HHH000204: Processing PersistenceUnitInfo [name: default]
2025-08-09T09:45:40.576+05:30  INFO 26792 --- [QuizApplication_monorepo] [restartedMain] o.h.c.internal.RegionFactoryInitiator    : HHH000026: Second-level cache disabled
2025-08-09T09:45:40.776+05:30  INFO 26792 --- [QuizApplication_monorepo] [restartedMain] o.s.o.j.p.SpringPersistenceUnitInfo      : No LoadTimeWeaver setup: ignoring JPA class transformer
2025-08-09T09:45:40.804+05:30  INFO 26792 --- [QuizApplication_monorepo] [restartedMain] com.zaxxer.hikari.HikariDataSource       : HikariPool-2 - Starting...
2025-08-09T09:45:41.158+05:30  INFO 26792 --- [QuizApplication_monorepo] [restartedMain] com.zaxxer.hikari.pool.HikariPool        : HikariPool-2 - Added connection com.mysql.cj.jdbc.ConnectionImpl@51566a2f
2025-08-09T09:45:41.159+05:30  INFO 26792 --- [QuizApplication_monorepo] [restartedMain] com.zaxxer.hikari.HikariDataSource       : HikariPool-2 - Start completed.
2025-08-09T09:45:41.172+05:30  WARN 26792 --- [QuizApplication_monorepo] [restartedMain] org.hibernate.orm.deprecation            : HHH90000025: MySQLDialect does not need to be specified explicitly using 'hibernate.dialect' (remove the property setting and it will be selected by default)
2025-08-09T09:45:41.407+05:30  INFO 26792 --- [QuizApplication_monorepo] [restartedMain] o.h.e.t.j.p.i.JtaPlatformInitiator       : HHH000489: No JTA platform available (set 'hibernate.transaction.jta.platform' to enable JTA platform integration)
2025-08-09T09:45:41.538+05:30  INFO 26792 --- [QuizApplication_monorepo] [restartedMain] j.LocalContainerEntityManagerFactoryBean : Initialized JPA EntityManagerFactory for persistence unit 'default'
2025-08-09T09:45:43.163+05:30  WARN 26792 --- [QuizApplication_monorepo] [restartedMain] JpaBaseConfiguration$JpaWebConfiguration : spring.jpa.open-in-view is enabled by default. Therefore, database queries may be performed during view rendering. Explicitly configure spring.jpa.open-in-view to disable this warning
2025-08-09T09:45:44.643+05:30  INFO 26792 --- [QuizApplication_monorepo] [restartedMain] o.s.b.d.a.OptionalLiveReloadServer       : LiveReload server is running on port 35729
2025-08-09T09:45:44.683+05:30  INFO 26792 --- [QuizApplication_monorepo] [restartedMain] o.s.b.w.embedded.tomcat.TomcatWebServer  : Tomcat started on port 8080 (http) with context path '/'
2025-08-09T09:45:44.690+05:30  INFO 26792 --- [QuizApplication_monorepo] [restartedMain] w.g.q.QuizApplicationMonorepoApplication : Started QuizApplicationMonorepoApplication in 9.656 seconds (process running for 287.693)
2025-08-09T09:45:44.696+05:30  INFO 26792 --- [QuizApplication_monorepo] [restartedMain] .ConditionEvaluationDeltaLoggingListener : Condition evaluation unchanged
2025-08-09T09:45:46.081+05:30  INFO 26792 --- [QuizApplication_monorepo] [File Watcher] rtingClassPathChangeChangedEventListener : Restarting due to 22 class path changes (0 additions, 0 deletions, 22 modifications)
2025-08-09T09:45:46.093+05:30  INFO 26792 --- [QuizApplication_monorepo] [Thread-7] j.LocalContainerEntityManagerFactoryBean : Closing JPA EntityManagerFactory for persistence unit 'default'
2025-08-09T09:45:46.094+05:30  INFO 26792 --- [QuizApplication_monorepo] [Thread-7] com.zaxxer.hikari.HikariDataSource       : HikariPool-2 - Shutdown initiated...
2025-08-09T09:45:46.103+05:30  INFO 26792 --- [QuizApplication_monorepo] [Thread-7] com.zaxxer.hikari.HikariDataSource       : HikariPool-2 - Shutdown completed.
2025-08-09T09:45:46.250+05:30  INFO 26792 --- [QuizApplication_monorepo] [restartedMain] w.g.q.QuizApplicationMonorepoApplication : Starting QuizApplicationMonorepoApplication using Java 21.0.2 with PID 26792 (C:\Users\gopik\Downloads\Wipro-QuizApplication-Monorepo-main\Wipro-QuizApplication-Monorepo-main\target\classes started by gopik in C:\Users\gopik\Downloads\Wipro-QuizApplication-Monorepo-main\Wipro-QuizApplication-Monorepo-main)
2025-08-09T09:45:46.251+05:30  INFO 26792 --- [QuizApplication_monorepo] [restartedMain] w.g.q.QuizApplicationMonorepoApplication : No active profile set, falling back to 1 default profile: "default"
2025-08-09T09:45:46.847+05:30  INFO 26792 --- [QuizApplication_monorepo] [restartedMain] .s.d.r.c.RepositoryConfigurationDelegate : Bootstrapping Spring Data JPA repositories in DEFAULT mode.
2025-08-09T09:45:46.892+05:30  INFO 26792 --- [QuizApplication_monorepo] [restartedMain] .s.d.r.c.RepositoryConfigurationDelegate : Finished Spring Data repository scanning in 44 ms. Found 2 JPA repository interfaces.
2025-08-09T09:45:47.005+05:30 DEBUG 26792 --- [QuizApplication_monorepo] [restartedMain] .s.a.a.a.ReflectiveAspectJAdvisorFactory : Found AspectJ method: public void com.wipro.gk.quizappmonorepo.aop.LoggingAspect.logBeforeMethod(org.aspectj.lang.JoinPoint)
2025-08-09T09:45:47.006+05:30 DEBUG 26792 --- [QuizApplication_monorepo] [restartedMain] .s.a.a.a.ReflectiveAspectJAdvisorFactory : Found AspectJ method: public void com.wipro.gk.quizappmonorepo.aop.LoggingAspect.logAfterMethod(org.aspectj.lang.JoinPoint,java.lang.Object)
2025-08-09T09:45:47.007+05:30 DEBUG 26792 --- [QuizApplication_monorepo] [restartedMain] .s.a.a.a.ReflectiveAspectJAdvisorFactory : Found AspectJ method: public void com.wipro.gk.quizappmonorepo.aop.LoggingAspect.logAfterException(org.aspectj.lang.JoinPoint,java.lang.Throwable)
2025-08-09T09:45:47.307+05:30  INFO 26792 --- [QuizApplication_monorepo] [restartedMain] o.s.b.w.embedded.tomcat.TomcatWebServer  : Tomcat initialized with port 8080 (http)
2025-08-09T09:45:47.308+05:30  INFO 26792 --- [QuizApplication_monorepo] [restartedMain] o.apache.catalina.core.StandardService   : Starting service [Tomcat]
2025-08-09T09:45:47.310+05:30  INFO 26792 --- [QuizApplication_monorepo] [restartedMain] o.apache.catalina.core.StandardEngine    : Starting Servlet engine: [Apache Tomcat/10.1.30]
2025-08-09T09:45:47.355+05:30  INFO 26792 --- [QuizApplication_monorepo] [restartedMain] o.a.c.c.C.[Tomcat].[localhost].[/]       : Initializing Spring embedded WebApplicationContext
2025-08-09T09:45:47.356+05:30  INFO 26792 --- [QuizApplication_monorepo] [restartedMain] w.s.c.ServletWebServerApplicationContext : Root WebApplicationContext: initialization completed in 1098 ms
2025-08-09T09:45:47.549+05:30  INFO 26792 --- [QuizApplication_monorepo] [restartedMain] o.hibernate.jpa.internal.util.LogHelper  : HHH000204: Processing PersistenceUnitInfo [name: default]
2025-08-09T09:45:47.556+05:30  INFO 26792 --- [QuizApplication_monorepo] [restartedMain] o.h.c.internal.RegionFactoryInitiator    : HHH000026: Second-level cache disabled
2025-08-09T09:45:47.573+05:30  INFO 26792 --- [QuizApplication_monorepo] [restartedMain] o.s.o.j.p.SpringPersistenceUnitInfo      : No LoadTimeWeaver setup: ignoring JPA class transformer
2025-08-09T09:45:47.575+05:30  INFO 26792 --- [QuizApplication_monorepo] [restartedMain] com.zaxxer.hikari.HikariDataSource       : HikariPool-3 - Starting...
2025-08-09T09:45:47.600+05:30  INFO 26792 --- [QuizApplication_monorepo] [restartedMain] com.zaxxer.hikari.pool.HikariPool        : HikariPool-3 - Added connection com.mysql.cj.jdbc.ConnectionImpl@34dcb8c6
2025-08-09T09:45:47.601+05:30  INFO 26792 --- [QuizApplication_monorepo] [restartedMain] com.zaxxer.hikari.HikariDataSource       : HikariPool-3 - Start completed.
2025-08-09T09:45:47.603+05:30  WARN 26792 --- [QuizApplication_monorepo] [restartedMain] org.hibernate.orm.deprecation            : HHH90000025: MySQLDialect does not need to be specified explicitly using 'hibernate.dialect' (remove the property setting and it will be selected by default)
2025-08-09T09:45:47.711+05:30  INFO 26792 --- [QuizApplication_monorepo] [restartedMain] o.h.e.t.j.p.i.JtaPlatformInitiator       : HHH000489: No JTA platform available (set 'hibernate.transaction.jta.platform' to enable JTA platform integration)
2025-08-09T09:45:47.789+05:30  INFO 26792 --- [QuizApplication_monorepo] [restartedMain] j.LocalContainerEntityManagerFactoryBean : Initialized JPA EntityManagerFactory for persistence unit 'default'
2025-08-09T09:45:48.579+05:30  WARN 26792 --- [QuizApplication_monorepo] [restartedMain] JpaBaseConfiguration$JpaWebConfiguration : spring.jpa.open-in-view is enabled by default. Therefore, database queries may be performed during view rendering. Explicitly configure spring.jpa.open-in-view to disable this warning
2025-08-09T09:45:49.471+05:30  INFO 26792 --- [QuizApplication_monorepo] [restartedMain] o.s.b.d.a.OptionalLiveReloadServer       : LiveReload server is running on port 35729
2025-08-09T09:45:49.499+05:30  INFO 26792 --- [QuizApplication_monorepo] [restartedMain] o.s.b.w.embedded.tomcat.TomcatWebServer  : Tomcat started on port 8080 (http) with context path '/'
2025-08-09T09:45:49.504+05:30  INFO 26792 --- [QuizApplication_monorepo] [restartedMain] w.g.q.QuizApplicationMonorepoApplication : Started QuizApplicationMonorepoApplication in 3.3 seconds (process running for 292.507)
2025-08-09T09:45:49.506+05:30  INFO 26792 --- [QuizApplication_monorepo] [restartedMain] .ConditionEvaluationDeltaLoggingListener : Condition evaluation unchanged
2025-08-09T09:47:27.438+05:30  INFO 26792 --- [QuizApplication_monorepo] [File Watcher] rtingClassPathChangeChangedEventListener : Restarting due to 22 class path changes (0 additions, 0 deletions, 22 modifications)
2025-08-09T09:47:27.449+05:30  INFO 26792 --- [QuizApplication_monorepo] [Thread-11] j.LocalContainerEntityManagerFactoryBean : Closing JPA EntityManagerFactory for persistence unit 'default'
2025-08-09T09:47:27.450+05:30  INFO 26792 --- [QuizApplication_monorepo] [Thread-11] com.zaxxer.hikari.HikariDataSource       : HikariPool-3 - Shutdown initiated...
2025-08-09T09:47:27.457+05:30  INFO 26792 --- [QuizApplication_monorepo] [Thread-11] com.zaxxer.hikari.HikariDataSource       : HikariPool-3 - Shutdown completed.
2025-08-09T09:47:27.599+05:30  INFO 26792 --- [QuizApplication_monorepo] [restartedMain] w.g.q.QuizApplicationMonorepoApplication : Starting QuizApplicationMonorepoApplication using Java 21.0.2 with PID 26792 (C:\Users\gopik\Downloads\Wipro-QuizApplication-Monorepo-main\Wipro-QuizApplication-Monorepo-main\target\classes started by gopik in C:\Users\gopik\Downloads\Wipro-QuizApplication-Monorepo-main\Wipro-QuizApplication-Monorepo-main)
2025-08-09T09:47:27.600+05:30  INFO 26792 --- [QuizApplication_monorepo] [restartedMain] w.g.q.QuizApplicationMonorepoApplication : No active profile set, falling back to 1 default profile: "default"
2025-08-09T09:47:28.072+05:30  INFO 26792 --- [QuizApplication_monorepo] [restartedMain] .s.d.r.c.RepositoryConfigurationDelegate : Bootstrapping Spring Data JPA repositories in DEFAULT mode.
2025-08-09T09:47:28.101+05:30  INFO 26792 --- [QuizApplication_monorepo] [restartedMain] .s.d.r.c.RepositoryConfigurationDelegate : Finished Spring Data repository scanning in 27 ms. Found 2 JPA repository interfaces.
2025-08-09T09:47:28.191+05:30 DEBUG 26792 --- [QuizApplication_monorepo] [restartedMain] .s.a.a.a.ReflectiveAspectJAdvisorFactory : Found AspectJ method: public void com.wipro.gk.quizappmonorepo.aop.LoggingAspect.logBeforeMethod(org.aspectj.lang.JoinPoint)
2025-08-09T09:47:28.193+05:30 DEBUG 26792 --- [QuizApplication_monorepo] [restartedMain] .s.a.a.a.ReflectiveAspectJAdvisorFactory : Found AspectJ method: public void com.wipro.gk.quizappmonorepo.aop.LoggingAspect.logAfterMethod(org.aspectj.lang.JoinPoint,java.lang.Object)
2025-08-09T09:47:28.193+05:30 DEBUG 26792 --- [QuizApplication_monorepo] [restartedMain] .s.a.a.a.ReflectiveAspectJAdvisorFactory : Found AspectJ method: public void com.wipro.gk.quizappmonorepo.aop.LoggingAspect.logAfterException(org.aspectj.lang.JoinPoint,java.lang.Throwable)
2025-08-09T09:47:28.491+05:30  INFO 26792 --- [QuizApplication_monorepo] [restartedMain] o.s.b.w.embedded.tomcat.TomcatWebServer  : Tomcat initialized with port 8080 (http)
2025-08-09T09:47:28.496+05:30  INFO 26792 --- [QuizApplication_monorepo] [restartedMain] o.apache.catalina.core.StandardService   : Starting service [Tomcat]
2025-08-09T09:47:28.498+05:30  INFO 26792 --- [QuizApplication_monorepo] [restartedMain] o.apache.catalina.core.StandardEngine    : Starting Servlet engine: [Apache Tomcat/10.1.30]
2025-08-09T09:47:28.571+05:30  INFO 26792 --- [QuizApplication_monorepo] [restartedMain] o.a.c.c.C.[Tomcat].[localhost].[/]       : Initializing Spring embedded WebApplicationContext
2025-08-09T09:47:28.573+05:30  INFO 26792 --- [QuizApplication_monorepo] [restartedMain] w.s.c.ServletWebServerApplicationContext : Root WebApplicationContext: initialization completed in 970 ms
2025-08-09T09:47:28.752+05:30  INFO 26792 --- [QuizApplication_monorepo] [restartedMain] o.hibernate.jpa.internal.util.LogHelper  : HHH000204: Processing PersistenceUnitInfo [name: default]
2025-08-09T09:47:28.757+05:30  INFO 26792 --- [QuizApplication_monorepo] [restartedMain] o.h.c.internal.RegionFactoryInitiator    : HHH000026: Second-level cache disabled
2025-08-09T09:47:28.772+05:30  INFO 26792 --- [QuizApplication_monorepo] [restartedMain] o.s.o.j.p.SpringPersistenceUnitInfo      : No LoadTimeWeaver setup: ignoring JPA class transformer
2025-08-09T09:47:28.776+05:30  INFO 26792 --- [QuizApplication_monorepo] [restartedMain] com.zaxxer.hikari.HikariDataSource       : HikariPool-4 - Starting...
2025-08-09T09:47:28.803+05:30  INFO 26792 --- [QuizApplication_monorepo] [restartedMain] com.zaxxer.hikari.pool.HikariPool        : HikariPool-4 - Added connection com.mysql.cj.jdbc.ConnectionImpl@46656303
2025-08-09T09:47:28.803+05:30  INFO 26792 --- [QuizApplication_monorepo] [restartedMain] com.zaxxer.hikari.HikariDataSource       : HikariPool-4 - Start completed.
2025-08-09T09:47:28.806+05:30  WARN 26792 --- [QuizApplication_monorepo] [restartedMain] org.hibernate.orm.deprecation            : HHH90000025: MySQLDialect does not need to be specified explicitly using 'hibernate.dialect' (remove the property setting and it will be selected by default)
2025-08-09T09:47:28.888+05:30  INFO 26792 --- [QuizApplication_monorepo] [restartedMain] o.h.e.t.j.p.i.JtaPlatformInitiator       : HHH000489: No JTA platform available (set 'hibernate.transaction.jta.platform' to enable JTA platform integration)
2025-08-09T09:47:28.946+05:30  INFO 26792 --- [QuizApplication_monorepo] [restartedMain] j.LocalContainerEntityManagerFactoryBean : Initialized JPA EntityManagerFactory for persistence unit 'default'
2025-08-09T09:47:29.632+05:30  WARN 26792 --- [QuizApplication_monorepo] [restartedMain] JpaBaseConfiguration$JpaWebConfiguration : spring.jpa.open-in-view is enabled by default. Therefore, database queries may be performed during view rendering. Explicitly configure spring.jpa.open-in-view to disable this warning
2025-08-09T09:47:30.548+05:30  INFO 26792 --- [QuizApplication_monorepo] [restartedMain] o.s.b.d.a.OptionalLiveReloadServer       : LiveReload server is running on port 35729
2025-08-09T09:47:30.568+05:30  INFO 26792 --- [QuizApplication_monorepo] [restartedMain] o.s.b.w.embedded.tomcat.TomcatWebServer  : Tomcat started on port 8080 (http) with context path '/'
2025-08-09T09:47:30.574+05:30  INFO 26792 --- [QuizApplication_monorepo] [restartedMain] w.g.q.QuizApplicationMonorepoApplication : Started QuizApplicationMonorepoApplication in 3.035 seconds (process running for 393.577)
2025-08-09T09:47:30.575+05:30  INFO 26792 --- [QuizApplication_monorepo] [restartedMain] .ConditionEvaluationDeltaLoggingListener : Condition evaluation unchanged
2025-08-09T09:47:46.931+05:30  INFO 26792 --- [QuizApplication_monorepo] [http-nio-8080-exec-1] o.a.c.c.C.[Tomcat].[localhost].[/]       : Initializing Spring DispatcherServlet 'dispatcherServlet'
2025-08-09T09:47:46.932+05:30  INFO 26792 --- [QuizApplication_monorepo] [http-nio-8080-exec-1] o.s.web.servlet.DispatcherServlet        : Initializing Servlet 'dispatcherServlet'
2025-08-09T09:47:46.937+05:30  INFO 26792 --- [QuizApplication_monorepo] [http-nio-8080-exec-1] o.s.web.servlet.DispatcherServlet        : Completed initialization in 5 ms
2025-08-09T09:47:46.977+05:30  WARN 26792 --- [QuizApplication_monorepo] [http-nio-8080-exec-1] .m.m.a.ExceptionHandlerExceptionResolver : Resolved [org.springframework.web.servlet.resource.NoResourceFoundException: No static resource swagger-ui.html.]
2025-08-09T09:47:47.340+05:30  WARN 26792 --- [QuizApplication_monorepo] [http-nio-8080-exec-3] .m.m.a.ExceptionHandlerExceptionResolver : Resolved [org.springframework.web.servlet.resource.NoResourceFoundException: No static resource favicon.ico.]
2025-08-09T09:48:22.302+05:30  INFO 26792 --- [QuizApplication_monorepo] [http-nio-8080-exec-1] o.springdoc.api.AbstractOpenApiResource  : Init duration for springdoc-openapi is: 609 ms
2025-08-09T09:49:04.669+05:30  WARN 26792 --- [QuizApplication_monorepo] [http-nio-8080-exec-3] .m.m.a.ExceptionHandlerExceptionResolver : Resolved [org.springframework.web.servlet.resource.NoResourceFoundException: No static resource v3/api-docs.]
2025-08-09T09:49:04.793+05:30  WARN 26792 --- [QuizApplication_monorepo] [http-nio-8080-exec-4] .m.m.a.ExceptionHandlerExceptionResolver : Resolved [org.springframework.web.servlet.resource.NoResourceFoundException: No static resource favicon.ico.]
2025-08-09T09:50:36.768+05:30  WARN 26792 --- [QuizApplication_monorepo] [http-nio-8080-exec-8] .m.m.a.ExceptionHandlerExceptionResolver : Resolved [org.springframework.web.servlet.resource.NoResourceFoundException: No static resource v3/api-docs.]
2025-08-09T09:50:36.792+05:30  WARN 26792 --- [QuizApplication_monorepo] [http-nio-8080-exec-2] .m.m.a.ExceptionHandlerExceptionResolver : Resolved [org.springframework.web.servlet.resource.NoResourceFoundException: No static resource favicon.ico.]
2025-08-09T09:50:37.606+05:30  WARN 26792 --- [QuizApplication_monorepo] [http-nio-8080-exec-10] .m.m.a.ExceptionHandlerExceptionResolver : Resolved [org.springframework.web.servlet.resource.NoResourceFoundException: No static resource v3/api-docs.]
2025-08-09T09:50:37.623+05:30  WARN 26792 --- [QuizApplication_monorepo] [http-nio-8080-exec-9] .m.m.a.ExceptionHandlerExceptionResolver : Resolved [org.springframework.web.servlet.resource.NoResourceFoundException: No static resource favicon.ico.]
2025-08-09T09:50:38.038+05:30  WARN 26792 --- [QuizApplication_monorepo] [http-nio-8080-exec-1] .m.m.a.ExceptionHandlerExceptionResolver : Resolved [org.springframework.web.servlet.resource.NoResourceFoundException: No static resource v3/api-docs.]
2025-08-09T09:50:38.074+05:30  WARN 26792 --- [QuizApplication_monorepo] [http-nio-8080-exec-3] .m.m.a.ExceptionHandlerExceptionResolver : Resolved [org.springframework.web.servlet.resource.NoResourceFoundException: No static resource favicon.ico.]
2025-08-09T09:50:38.258+05:30  WARN 26792 --- [QuizApplication_monorepo] [http-nio-8080-exec-4] .m.m.a.ExceptionHandlerExceptionResolver : Resolved [org.springframework.web.servlet.resource.NoResourceFoundException: No static resource v3/api-docs.]
2025-08-09T09:50:38.288+05:30  WARN 26792 --- [QuizApplication_monorepo] [http-nio-8080-exec-6] .m.m.a.ExceptionHandlerExceptionResolver : Resolved [org.springframework.web.servlet.resource.NoResourceFoundException: No static resource favicon.ico.]
2025-08-09T09:51:33.852+05:30  WARN 26792 --- [QuizApplication_monorepo] [http-nio-8080-exec-8] .m.m.a.ExceptionHandlerExceptionResolver : Resolved [org.springframework.web.servlet.resource.NoResourceFoundException: No static resource api-docs.]
2025-08-09T09:51:33.890+05:30  WARN 26792 --- [QuizApplication_monorepo] [http-nio-8080-exec-2] .m.m.a.ExceptionHandlerExceptionResolver : Resolved [org.springframework.web.servlet.resource.NoResourceFoundException: No static resource favicon.ico.]
2025-08-09T09:51:36.440+05:30  WARN 26792 --- [QuizApplication_monorepo] [http-nio-8080-exec-10] .m.m.a.ExceptionHandlerExceptionResolver : Resolved [org.springframework.web.servlet.resource.NoResourceFoundException: No static resource api-docs.]
2025-08-09T09:51:36.465+05:30  WARN 26792 --- [QuizApplication_monorepo] [http-nio-8080-exec-9] .m.m.a.ExceptionHandlerExceptionResolver : Resolved [org.springframework.web.servlet.resource.NoResourceFoundException: No static resource favicon.ico.]
2025-08-09T09:54:01.869+05:30  WARN 26792 --- [QuizApplication_monorepo] [http-nio-8080-exec-1] .m.m.a.ExceptionHandlerExceptionResolver : Resolved [org.springframework.web.servlet.resource.NoResourceFoundException: No static resource v3/api-docs.]
2025-08-09T09:54:01.896+05:30  WARN 26792 --- [QuizApplication_monorepo] [http-nio-8080-exec-3] .m.m.a.ExceptionHandlerExceptionResolver : Resolved [org.springframework.web.servlet.resource.NoResourceFoundException: No static resource favicon.ico.]
2025-08-09T09:59:37.447+05:30  INFO 26792 --- [QuizApplication_monorepo] [File Watcher] rtingClassPathChangeChangedEventListener : Restarting due to 22 class path changes (0 additions, 0 deletions, 22 modifications)
2025-08-09T09:59:37.644+05:30  INFO 26792 --- [QuizApplication_monorepo] [Thread-15] j.LocalContainerEntityManagerFactoryBean : Closing JPA EntityManagerFactory for persistence unit 'default'
2025-08-09T09:59:37.829+05:30  INFO 26792 --- [QuizApplication_monorepo] [Thread-15] com.zaxxer.hikari.HikariDataSource       : HikariPool-4 - Shutdown initiated...
2025-08-09T09:59:37.946+05:30  INFO 26792 --- [QuizApplication_monorepo] [Thread-15] com.zaxxer.hikari.HikariDataSource       : HikariPool-4 - Shutdown completed.
2025-08-09T09:59:38.634+05:30  INFO 26792 --- [QuizApplication_monorepo] [restartedMain] w.g.q.QuizApplicationMonorepoApplication : Starting QuizApplicationMonorepoApplication using Java 21.0.2 with PID 26792 (C:\Users\gopik\Downloads\Wipro-QuizApplication-Monorepo-main\Wipro-QuizApplication-Monorepo-main\target\classes started by gopik in C:\Users\gopik\Downloads\Wipro-QuizApplication-Monorepo-main\Wipro-QuizApplication-Monorepo-main)
2025-08-09T09:59:38.635+05:30  INFO 26792 --- [QuizApplication_monorepo] [restartedMain] w.g.q.QuizApplicationMonorepoApplication : No active profile set, falling back to 1 default profile: "default"
2025-08-09T09:59:39.292+05:30  INFO 26792 --- [QuizApplication_monorepo] [restartedMain] .s.d.r.c.RepositoryConfigurationDelegate : Bootstrapping Spring Data JPA repositories in DEFAULT mode.
2025-08-09T09:59:39.334+05:30  INFO 26792 --- [QuizApplication_monorepo] [restartedMain] .s.d.r.c.RepositoryConfigurationDelegate : Finished Spring Data repository scanning in 41 ms. Found 2 JPA repository interfaces.
2025-08-09T09:59:39.486+05:30 DEBUG 26792 --- [QuizApplication_monorepo] [restartedMain] .s.a.a.a.ReflectiveAspectJAdvisorFactory : Found AspectJ method: public void com.wipro.gk.quizappmonorepo.aop.LoggingAspect.logBeforeMethod(org.aspectj.lang.JoinPoint)
2025-08-09T09:59:39.487+05:30 DEBUG 26792 --- [QuizApplication_monorepo] [restartedMain] .s.a.a.a.ReflectiveAspectJAdvisorFactory : Found AspectJ method: public void com.wipro.gk.quizappmonorepo.aop.LoggingAspect.logAfterMethod(org.aspectj.lang.JoinPoint,java.lang.Object)
2025-08-09T09:59:39.488+05:30 DEBUG 26792 --- [QuizApplication_monorepo] [restartedMain] .s.a.a.a.ReflectiveAspectJAdvisorFactory : Found AspectJ method: public void com.wipro.gk.quizappmonorepo.aop.LoggingAspect.logAfterException(org.aspectj.lang.JoinPoint,java.lang.Throwable)
2025-08-09T09:59:39.989+05:30  INFO 26792 --- [QuizApplication_monorepo] [restartedMain] o.s.b.w.embedded.tomcat.TomcatWebServer  : Tomcat initialized with port 8080 (http)
2025-08-09T09:59:39.996+05:30  INFO 26792 --- [QuizApplication_monorepo] [restartedMain] o.apache.catalina.core.StandardService   : Starting service [Tomcat]
2025-08-09T09:59:39.996+05:30  INFO 26792 --- [QuizApplication_monorepo] [restartedMain] o.apache.catalina.core.StandardEngine    : Starting Servlet engine: [Apache Tomcat/10.1.30]
2025-08-09T09:59:40.036+05:30  INFO 26792 --- [QuizApplication_monorepo] [restartedMain] o.a.c.c.C.[Tomcat].[localhost].[/]       : Initializing Spring embedded WebApplicationContext
2025-08-09T09:59:40.036+05:30  INFO 26792 --- [QuizApplication_monorepo] [restartedMain] w.s.c.ServletWebServerApplicationContext : Root WebApplicationContext: initialization completed in 1395 ms
2025-08-09T09:59:40.229+05:30  INFO 26792 --- [QuizApplication_monorepo] [restartedMain] o.hibernate.jpa.internal.util.LogHelper  : HHH000204: Processing PersistenceUnitInfo [name: default]
2025-08-09T09:59:40.234+05:30  INFO 26792 --- [QuizApplication_monorepo] [restartedMain] o.h.c.internal.RegionFactoryInitiator    : HHH000026: Second-level cache disabled
2025-08-09T09:59:40.254+05:30  INFO 26792 --- [QuizApplication_monorepo] [restartedMain] o.s.o.j.p.SpringPersistenceUnitInfo      : No LoadTimeWeaver setup: ignoring JPA class transformer
2025-08-09T09:59:40.258+05:30  INFO 26792 --- [QuizApplication_monorepo] [restartedMain] com.zaxxer.hikari.HikariDataSource       : HikariPool-5 - Starting...
2025-08-09T09:59:40.320+05:30  INFO 26792 --- [QuizApplication_monorepo] [restartedMain] com.zaxxer.hikari.pool.HikariPool        : HikariPool-5 - Added connection com.mysql.cj.jdbc.ConnectionImpl@65636503
2025-08-09T09:59:40.320+05:30  INFO 26792 --- [QuizApplication_monorepo] [restartedMain] com.zaxxer.hikari.HikariDataSource       : HikariPool-5 - Start completed.
2025-08-09T09:59:40.323+05:30  WARN 26792 --- [QuizApplication_monorepo] [restartedMain] org.hibernate.orm.deprecation            : HHH90000025: MySQLDialect does not need to be specified explicitly using 'hibernate.dialect' (remove the property setting and it will be selected by default)
2025-08-09T09:59:40.457+05:30  INFO 26792 --- [QuizApplication_monorepo] [restartedMain] o.h.e.t.j.p.i.JtaPlatformInitiator       : HHH000489: No JTA platform available (set 'hibernate.transaction.jta.platform' to enable JTA platform integration)
2025-08-09T09:59:40.552+05:30  INFO 26792 --- [QuizApplication_monorepo] [restartedMain] j.LocalContainerEntityManagerFactoryBean : Initialized JPA EntityManagerFactory for persistence unit 'default'
2025-08-09T09:59:41.475+05:30  WARN 26792 --- [QuizApplication_monorepo] [restartedMain] JpaBaseConfiguration$JpaWebConfiguration : spring.jpa.open-in-view is enabled by default. Therefore, database queries may be performed during view rendering. Explicitly configure spring.jpa.open-in-view to disable this warning
2025-08-09T09:59:42.490+05:30  INFO 26792 --- [QuizApplication_monorepo] [restartedMain] o.s.b.d.a.OptionalLiveReloadServer       : LiveReload server is running on port 35729
2025-08-09T09:59:42.520+05:30  INFO 26792 --- [QuizApplication_monorepo] [restartedMain] o.s.b.w.embedded.tomcat.TomcatWebServer  : Tomcat started on port 8080 (http) with context path '/'
2025-08-09T09:59:42.526+05:30  INFO 26792 --- [QuizApplication_monorepo] [restartedMain] w.g.q.QuizApplicationMonorepoApplication : Started QuizApplicationMonorepoApplication in 4.02 seconds (process running for 1125.529)
2025-08-09T09:59:42.528+05:30  INFO 26792 --- [QuizApplication_monorepo] [restartedMain] .ConditionEvaluationDeltaLoggingListener : Condition evaluation unchanged
2025-08-09T10:01:34.642+05:30  INFO 26792 --- [QuizApplication_monorepo] [File Watcher] rtingClassPathChangeChangedEventListener : Restarting due to 18 class path changes (0 additions, 0 deletions, 18 modifications)
2025-08-09T10:01:34.706+05:30  INFO 26792 --- [QuizApplication_monorepo] [Thread-19] j.LocalContainerEntityManagerFactoryBean : Closing JPA EntityManagerFactory for persistence unit 'default'
2025-08-09T10:01:34.720+05:30  INFO 26792 --- [QuizApplication_monorepo] [Thread-19] com.zaxxer.hikari.HikariDataSource       : HikariPool-5 - Shutdown initiated...
2025-08-09T10:01:34.748+05:30  INFO 26792 --- [QuizApplication_monorepo] [Thread-19] com.zaxxer.hikari.HikariDataSource       : HikariPool-5 - Shutdown completed.
2025-08-09T10:01:35.214+05:30  INFO 26792 --- [QuizApplication_monorepo] [restartedMain] w.g.q.QuizApplicationMonorepoApplication : Starting QuizApplicationMonorepoApplication using Java 21.0.2 with PID 26792 (C:\Users\gopik\Downloads\Wipro-QuizApplication-Monorepo-main\Wipro-QuizApplication-Monorepo-main\target\classes started by gopik in C:\Users\gopik\Downloads\Wipro-QuizApplication-Monorepo-main\Wipro-QuizApplication-Monorepo-main)
2025-08-09T10:01:35.216+05:30  INFO 26792 --- [QuizApplication_monorepo] [restartedMain] w.g.q.QuizApplicationMonorepoApplication : No active profile set, falling back to 1 default profile: "default"
2025-08-09T10:01:35.833+05:30  INFO 26792 --- [QuizApplication_monorepo] [restartedMain] .s.d.r.c.RepositoryConfigurationDelegate : Bootstrapping Spring Data JPA repositories in DEFAULT mode.
2025-08-09T10:01:35.865+05:30  INFO 26792 --- [QuizApplication_monorepo] [restartedMain] .s.d.r.c.RepositoryConfigurationDelegate : Finished Spring Data repository scanning in 31 ms. Found 2 JPA repository interfaces.
2025-08-09T10:01:35.980+05:30 DEBUG 26792 --- [QuizApplication_monorepo] [restartedMain] .s.a.a.a.ReflectiveAspectJAdvisorFactory : Found AspectJ method: public void com.wipro.gk.quizappmonorepo.aop.LoggingAspect.logBeforeMethod(org.aspectj.lang.JoinPoint)
2025-08-09T10:01:35.980+05:30 DEBUG 26792 --- [QuizApplication_monorepo] [restartedMain] .s.a.a.a.ReflectiveAspectJAdvisorFactory : Found AspectJ method: public void com.wipro.gk.quizappmonorepo.aop.LoggingAspect.logAfterMethod(org.aspectj.lang.JoinPoint,java.lang.Object)
2025-08-09T10:01:35.980+05:30 DEBUG 26792 --- [QuizApplication_monorepo] [restartedMain] .s.a.a.a.ReflectiveAspectJAdvisorFactory : Found AspectJ method: public void com.wipro.gk.quizappmonorepo.aop.LoggingAspect.logAfterException(org.aspectj.lang.JoinPoint,java.lang.Throwable)
2025-08-09T10:01:36.334+05:30  INFO 26792 --- [QuizApplication_monorepo] [restartedMain] o.s.b.w.embedded.tomcat.TomcatWebServer  : Tomcat initialized with port 8080 (http)
2025-08-09T10:01:36.339+05:30  INFO 26792 --- [QuizApplication_monorepo] [restartedMain] o.apache.catalina.core.StandardService   : Starting service [Tomcat]
2025-08-09T10:01:36.340+05:30  INFO 26792 --- [QuizApplication_monorepo] [restartedMain] o.apache.catalina.core.StandardEngine    : Starting Servlet engine: [Apache Tomcat/10.1.30]
2025-08-09T10:01:36.385+05:30  INFO 26792 --- [QuizApplication_monorepo] [restartedMain] o.a.c.c.C.[Tomcat].[localhost].[/]       : Initializing Spring embedded WebApplicationContext
2025-08-09T10:01:36.385+05:30  INFO 26792 --- [QuizApplication_monorepo] [restartedMain] w.s.c.ServletWebServerApplicationContext : Root WebApplicationContext: initialization completed in 1164 ms
2025-08-09T10:01:36.618+05:30  INFO 26792 --- [QuizApplication_monorepo] [restartedMain] o.hibernate.jpa.internal.util.LogHelper  : HHH000204: Processing PersistenceUnitInfo [name: default]
2025-08-09T10:01:36.623+05:30  INFO 26792 --- [QuizApplication_monorepo] [restartedMain] o.h.c.internal.RegionFactoryInitiator    : HHH000026: Second-level cache disabled
2025-08-09T10:01:36.640+05:30  INFO 26792 --- [QuizApplication_monorepo] [restartedMain] o.s.o.j.p.SpringPersistenceUnitInfo      : No LoadTimeWeaver setup: ignoring JPA class transformer
2025-08-09T10:01:36.643+05:30  INFO 26792 --- [QuizApplication_monorepo] [restartedMain] com.zaxxer.hikari.HikariDataSource       : HikariPool-6 - Starting...
2025-08-09T10:01:36.689+05:30  INFO 26792 --- [QuizApplication_monorepo] [restartedMain] com.zaxxer.hikari.pool.HikariPool        : HikariPool-6 - Added connection com.mysql.cj.jdbc.ConnectionImpl@6ae7142d
2025-08-09T10:01:36.689+05:30  INFO 26792 --- [QuizApplication_monorepo] [restartedMain] com.zaxxer.hikari.HikariDataSource       : HikariPool-6 - Start completed.
2025-08-09T10:01:36.692+05:30  WARN 26792 --- [QuizApplication_monorepo] [restartedMain] org.hibernate.orm.deprecation            : HHH90000025: MySQLDialect does not need to be specified explicitly using 'hibernate.dialect' (remove the property setting and it will be selected by default)
2025-08-09T10:01:36.834+05:30  INFO 26792 --- [QuizApplication_monorepo] [restartedMain] o.h.e.t.j.p.i.JtaPlatformInitiator       : HHH000489: No JTA platform available (set 'hibernate.transaction.jta.platform' to enable JTA platform integration)
2025-08-09T10:01:36.919+05:30  INFO 26792 --- [QuizApplication_monorepo] [restartedMain] j.LocalContainerEntityManagerFactoryBean : Initialized JPA EntityManagerFactory for persistence unit 'default'
2025-08-09T10:01:37.931+05:30  WARN 26792 --- [QuizApplication_monorepo] [restartedMain] JpaBaseConfiguration$JpaWebConfiguration : spring.jpa.open-in-view is enabled by default. Therefore, database queries may be performed during view rendering. Explicitly configure spring.jpa.open-in-view to disable this warning
2025-08-09T10:01:39.335+05:30  INFO 26792 --- [QuizApplication_monorepo] [restartedMain] o.s.b.d.a.OptionalLiveReloadServer       : LiveReload server is running on port 35729
2025-08-09T10:01:39.368+05:30  INFO 26792 --- [QuizApplication_monorepo] [restartedMain] o.s.b.w.embedded.tomcat.TomcatWebServer  : Tomcat started on port 8080 (http) with context path '/'
2025-08-09T10:01:39.374+05:30  INFO 26792 --- [QuizApplication_monorepo] [restartedMain] w.g.q.QuizApplicationMonorepoApplication : Started QuizApplicationMonorepoApplication in 4.246 seconds (process running for 1242.377)
2025-08-09T10:01:39.377+05:30  INFO 26792 --- [QuizApplication_monorepo] [restartedMain] .ConditionEvaluationDeltaLoggingListener : Condition evaluation unchanged
2025-08-09T10:01:41.880+05:30  INFO 20356 --- [QuizApplication_monorepo] [main] .QuizApplicationMonorepoApplicationTests : Starting QuizApplicationMonorepoApplicationTests using Java 21.0.2 with PID 20356 (started by gopik in C:\Users\gopik\Downloads\Wipro-QuizApplication-Monorepo-main\Wipro-QuizApplication-Monorepo-main)
2025-08-09T10:01:41.882+05:30  INFO 20356 --- [QuizApplication_monorepo] [main] .QuizApplicationMonorepoApplicationTests : No active profile set, falling back to 1 default profile: "default"
2025-08-09T10:01:43.746+05:30  INFO 20356 --- [QuizApplication_monorepo] [main] .s.d.r.c.RepositoryConfigurationDelegate : Bootstrapping Spring Data JPA repositories in DEFAULT mode.
2025-08-09T10:01:43.864+05:30  INFO 20356 --- [QuizApplication_monorepo] [main] .s.d.r.c.RepositoryConfigurationDelegate : Finished Spring Data repository scanning in 105 ms. Found 2 JPA repository interfaces.
2025-08-09T10:01:44.442+05:30 DEBUG 20356 --- [QuizApplication_monorepo] [main] .s.a.a.a.ReflectiveAspectJAdvisorFactory : Found AspectJ method: public void com.wipro.gk.quizappmonorepo.aop.LoggingAspect.logBeforeMethod(org.aspectj.lang.JoinPoint)
2025-08-09T10:01:44.444+05:30 DEBUG 20356 --- [QuizApplication_monorepo] [main] .s.a.a.a.ReflectiveAspectJAdvisorFactory : Found AspectJ method: public void com.wipro.gk.quizappmonorepo.aop.LoggingAspect.logAfterMethod(org.aspectj.lang.JoinPoint,java.lang.Object)
2025-08-09T10:01:44.462+05:30 DEBUG 20356 --- [QuizApplication_monorepo] [main] .s.a.a.a.ReflectiveAspectJAdvisorFactory : Found AspectJ method: public void com.wipro.gk.quizappmonorepo.aop.LoggingAspect.logAfterException(org.aspectj.lang.JoinPoint,java.lang.Throwable)
2025-08-09T10:01:45.310+05:30  INFO 20356 --- [QuizApplication_monorepo] [main] o.hibernate.jpa.internal.util.LogHelper  : HHH000204: Processing PersistenceUnitInfo [name: default]
2025-08-09T10:01:45.513+05:30  INFO 20356 --- [QuizApplication_monorepo] [main] org.hibernate.Version                    : HHH000412: Hibernate ORM core version 6.5.3.Final
2025-08-09T10:01:45.616+05:30  INFO 20356 --- [QuizApplication_monorepo] [main] o.h.c.internal.RegionFactoryInitiator    : HHH000026: Second-level cache disabled
2025-08-09T10:01:46.568+05:30  INFO 20356 --- [QuizApplication_monorepo] [main] o.s.o.j.p.SpringPersistenceUnitInfo      : No LoadTimeWeaver setup: ignoring JPA class transformer
2025-08-09T10:01:46.672+05:30  INFO 20356 --- [QuizApplication_monorepo] [main] com.zaxxer.hikari.HikariDataSource       : HikariPool-1 - Starting...
2025-08-09T10:01:47.420+05:30  INFO 20356 --- [QuizApplication_monorepo] [main] com.zaxxer.hikari.pool.HikariPool        : HikariPool-1 - Added connection com.mysql.cj.jdbc.ConnectionImpl@55881f40
2025-08-09T10:01:47.426+05:30  INFO 20356 --- [QuizApplication_monorepo] [main] com.zaxxer.hikari.HikariDataSource       : HikariPool-1 - Start completed.
2025-08-09T10:01:47.547+05:30  WARN 20356 --- [QuizApplication_monorepo] [main] org.hibernate.orm.deprecation            : HHH90000025: MySQLDialect does not need to be specified explicitly using 'hibernate.dialect' (remove the property setting and it will be selected by default)
2025-08-09T10:01:49.343+05:30  INFO 20356 --- [QuizApplication_monorepo] [main] o.h.e.t.j.p.i.JtaPlatformInitiator       : HHH000489: No JTA platform available (set 'hibernate.transaction.jta.platform' to enable JTA platform integration)
2025-08-09T10:01:49.471+05:30  INFO 20356 --- [QuizApplication_monorepo] [main] j.LocalContainerEntityManagerFactoryBean : Initialized JPA EntityManagerFactory for persistence unit 'default'
2025-08-09T10:01:51.636+05:30  WARN 20356 --- [QuizApplication_monorepo] [main] JpaBaseConfiguration$JpaWebConfiguration : spring.jpa.open-in-view is enabled by default. Therefore, database queries may be performed during view rendering. Explicitly configure spring.jpa.open-in-view to disable this warning
2025-08-09T10:01:53.247+05:30  INFO 20356 --- [QuizApplication_monorepo] [main] .QuizApplicationMonorepoApplicationTests : Started QuizApplicationMonorepoApplicationTests in 12.004 seconds (process running for 14.939)
2025-08-09T10:01:54.378+05:30  INFO 20356 --- [QuizApplication_monorepo] [SpringApplicationShutdownHook] j.LocalContainerEntityManagerFactoryBean : Closing JPA EntityManagerFactory for persistence unit 'default'
2025-08-09T10:01:54.386+05:30  INFO 20356 --- [QuizApplication_monorepo] [SpringApplicationShutdownHook] com.zaxxer.hikari.HikariDataSource       : HikariPool-1 - Shutdown initiated...
2025-08-09T10:01:54.410+05:30  INFO 20356 --- [QuizApplication_monorepo] [SpringApplicationShutdownHook] com.zaxxer.hikari.HikariDataSource       : HikariPool-1 - Shutdown completed.
2025-08-09T10:02:26.914+05:30  INFO 26792 --- [QuizApplication_monorepo] [http-nio-8080-exec-1] o.a.c.c.C.[Tomcat].[localhost].[/]       : Initializing Spring DispatcherServlet 'dispatcherServlet'
2025-08-09T10:02:26.914+05:30  INFO 26792 --- [QuizApplication_monorepo] [http-nio-8080-exec-1] o.s.web.servlet.DispatcherServlet        : Initializing Servlet 'dispatcherServlet'
2025-08-09T10:02:26.916+05:30  INFO 26792 --- [QuizApplication_monorepo] [http-nio-8080-exec-1] o.s.web.servlet.DispatcherServlet        : Completed initialization in 2 ms
2025-08-09T10:02:27.204+05:30  INFO 26792 --- [QuizApplication_monorepo] [http-nio-8080-exec-1] o.springdoc.api.AbstractOpenApiResource  : Init duration for springdoc-openapi is: 272 ms
2025-08-09T10:02:27.353+05:30  WARN 26792 --- [QuizApplication_monorepo] [http-nio-8080-exec-2] .m.m.a.ExceptionHandlerExceptionResolver : Resolved [org.springframework.web.servlet.resource.NoResourceFoundException: No static resource favicon.ico.]
2025-08-09T10:06:16.886+05:30  INFO 26792 --- [QuizApplication_monorepo] [RMI TCP Connection(28)-127.0.0.1] inMXBeanRegistrar$SpringApplicationAdmin : Application shutdown requested.
2025-08-09T10:06:16.897+05:30  INFO 26792 --- [QuizApplication_monorepo] [RMI TCP Connection(28)-127.0.0.1] j.LocalContainerEntityManagerFactoryBean : Closing JPA EntityManagerFactory for persistence unit 'default'
2025-08-09T10:06:16.898+05:30  INFO 26792 --- [QuizApplication_monorepo] [RMI TCP Connection(28)-127.0.0.1] com.zaxxer.hikari.HikariDataSource       : HikariPool-6 - Shutdown initiated...
2025-08-09T10:06:16.905+05:30  INFO 26792 --- [QuizApplication_monorepo] [RMI TCP Connection(28)-127.0.0.1] com.zaxxer.hikari.HikariDataSource       : HikariPool-6 - Shutdown completed.
2025-08-09T10:16:17.092+05:30  INFO 21688 --- [QuizApplication_monorepo] [restartedMain] w.g.q.QuizApplicationMonorepoApplication : Starting QuizApplicationMonorepoApplication using Java 21.0.2 with PID 21688 (C:\Users\gopik\Downloads\Wipro-QuizApplication-Monorepo-main\Wipro-QuizApplication-Monorepo-main\target\classes started by gopik in C:\Users\gopik\Downloads\Wipro-QuizApplication-Monorepo-main\Wipro-QuizApplication-Monorepo-main)
2025-08-09T10:16:17.098+05:30  INFO 21688 --- [QuizApplication_monorepo] [restartedMain] w.g.q.QuizApplicationMonorepoApplication : No active profile set, falling back to 1 default profile: "default"
2025-08-09T10:16:17.190+05:30  INFO 21688 --- [QuizApplication_monorepo] [restartedMain] .e.DevToolsPropertyDefaultsPostProcessor : Devtools property defaults active! Set 'spring.devtools.add-properties' to 'false' to disable
2025-08-09T10:16:17.190+05:30  INFO 21688 --- [QuizApplication_monorepo] [restartedMain] .e.DevToolsPropertyDefaultsPostProcessor : For additional web related logging consider setting the 'logging.level.web' property to 'DEBUG'
2025-08-09T10:16:18.734+05:30  INFO 21688 --- [QuizApplication_monorepo] [restartedMain] .s.d.r.c.RepositoryConfigurationDelegate : Bootstrapping Spring Data JPA repositories in DEFAULT mode.
2025-08-09T10:16:18.851+05:30  INFO 21688 --- [QuizApplication_monorepo] [restartedMain] .s.d.r.c.RepositoryConfigurationDelegate : Finished Spring Data repository scanning in 101 ms. Found 2 JPA repository interfaces.
2025-08-09T10:16:19.337+05:30 DEBUG 21688 --- [QuizApplication_monorepo] [restartedMain] .s.a.a.a.ReflectiveAspectJAdvisorFactory : Found AspectJ method: public void com.wipro.gk.quizappmonorepo.aop.LoggingAspect.logBeforeMethod(org.aspectj.lang.JoinPoint)
2025-08-09T10:16:19.339+05:30 DEBUG 21688 --- [QuizApplication_monorepo] [restartedMain] .s.a.a.a.ReflectiveAspectJAdvisorFactory : Found AspectJ method: public void com.wipro.gk.quizappmonorepo.aop.LoggingAspect.logAfterMethod(org.aspectj.lang.JoinPoint,java.lang.Object)
2025-08-09T10:16:19.355+05:30 DEBUG 21688 --- [QuizApplication_monorepo] [restartedMain] .s.a.a.a.ReflectiveAspectJAdvisorFactory : Found AspectJ method: public void com.wipro.gk.quizappmonorepo.aop.LoggingAspect.logAfterException(org.aspectj.lang.JoinPoint,java.lang.Throwable)
2025-08-09T10:16:20.223+05:30  INFO 21688 --- [QuizApplication_monorepo] [restartedMain] o.s.b.w.embedded.tomcat.TomcatWebServer  : Tomcat initialized with port 8080 (http)
2025-08-09T10:16:20.250+05:30  INFO 21688 --- [QuizApplication_monorepo] [restartedMain] o.apache.catalina.core.StandardService   : Starting service [Tomcat]
2025-08-09T10:16:20.251+05:30  INFO 21688 --- [QuizApplication_monorepo] [restartedMain] o.apache.catalina.core.StandardEngine    : Starting Servlet engine: [Apache Tomcat/10.1.30]
2025-08-09T10:16:20.360+05:30  INFO 21688 --- [QuizApplication_monorepo] [restartedMain] o.a.c.c.C.[Tomcat].[localhost].[/]       : Initializing Spring embedded WebApplicationContext
2025-08-09T10:16:20.362+05:30  INFO 21688 --- [QuizApplication_monorepo] [restartedMain] w.s.c.ServletWebServerApplicationContext : Root WebApplicationContext: initialization completed in 3170 ms
2025-08-09T10:16:20.709+05:30  INFO 21688 --- [QuizApplication_monorepo] [restartedMain] o.hibernate.jpa.internal.util.LogHelper  : HHH000204: Processing PersistenceUnitInfo [name: default]
2025-08-09T10:16:20.861+05:30  INFO 21688 --- [QuizApplication_monorepo] [restartedMain] org.hibernate.Version                    : HHH000412: Hibernate ORM core version 6.5.3.Final
2025-08-09T10:16:20.952+05:30  INFO 21688 --- [QuizApplication_monorepo] [restartedMain] o.h.c.internal.RegionFactoryInitiator    : HHH000026: Second-level cache disabled
2025-08-09T10:16:21.567+05:30  INFO 21688 --- [QuizApplication_monorepo] [restartedMain] o.s.o.j.p.SpringPersistenceUnitInfo      : No LoadTimeWeaver setup: ignoring JPA class transformer
2025-08-09T10:16:21.624+05:30  INFO 21688 --- [QuizApplication_monorepo] [restartedMain] com.zaxxer.hikari.HikariDataSource       : HikariPool-1 - Starting...
2025-08-09T10:16:22.237+05:30  INFO 21688 --- [QuizApplication_monorepo] [restartedMain] com.zaxxer.hikari.pool.HikariPool        : HikariPool-1 - Added connection com.mysql.cj.jdbc.ConnectionImpl@32f632a1
2025-08-09T10:16:22.241+05:30  INFO 21688 --- [QuizApplication_monorepo] [restartedMain] com.zaxxer.hikari.HikariDataSource       : HikariPool-1 - Start completed.
2025-08-09T10:16:22.339+05:30  WARN 21688 --- [QuizApplication_monorepo] [restartedMain] org.hibernate.orm.deprecation            : HHH90000025: MySQLDialect does not need to be specified explicitly using 'hibernate.dialect' (remove the property setting and it will be selected by default)
2025-08-09T10:16:24.022+05:30  INFO 21688 --- [QuizApplication_monorepo] [restartedMain] o.h.e.t.j.p.i.JtaPlatformInitiator       : HHH000489: No JTA platform available (set 'hibernate.transaction.jta.platform' to enable JTA platform integration)
2025-08-09T10:16:24.172+05:30  INFO 21688 --- [QuizApplication_monorepo] [restartedMain] j.LocalContainerEntityManagerFactoryBean : Initialized JPA EntityManagerFactory for persistence unit 'default'
2025-08-09T10:16:25.445+05:30  WARN 21688 --- [QuizApplication_monorepo] [restartedMain] JpaBaseConfiguration$JpaWebConfiguration : spring.jpa.open-in-view is enabled by default. Therefore, database queries may be performed during view rendering. Explicitly configure spring.jpa.open-in-view to disable this warning
2025-08-09T10:16:26.732+05:30  INFO 21688 --- [QuizApplication_monorepo] [restartedMain] o.s.b.d.a.OptionalLiveReloadServer       : LiveReload server is running on port 35729
2025-08-09T10:16:26.814+05:30  INFO 21688 --- [QuizApplication_monorepo] [restartedMain] o.s.b.w.embedded.tomcat.TomcatWebServer  : Tomcat started on port 8080 (http) with context path '/'
2025-08-09T10:16:26.826+05:30  INFO 21688 --- [QuizApplication_monorepo] [restartedMain] w.g.q.QuizApplicationMonorepoApplication : Started QuizApplicationMonorepoApplication in 10.504 seconds (process running for 11.571)
2025-08-09T10:16:35.105+05:30  INFO 21688 --- [QuizApplication_monorepo] [http-nio-8080-exec-1] o.a.c.c.C.[Tomcat].[localhost].[/]       : Initializing Spring DispatcherServlet 'dispatcherServlet'
2025-08-09T10:16:35.106+05:30  INFO 21688 --- [QuizApplication_monorepo] [http-nio-8080-exec-1] o.s.web.servlet.DispatcherServlet        : Initializing Servlet 'dispatcherServlet'
2025-08-09T10:16:35.108+05:30  INFO 21688 --- [QuizApplication_monorepo] [http-nio-8080-exec-1] o.s.web.servlet.DispatcherServlet        : Completed initialization in 2 ms
2025-08-09T10:16:35.979+05:30  INFO 21688 --- [QuizApplication_monorepo] [http-nio-8080-exec-10] o.springdoc.api.AbstractOpenApiResource  : Init duration for springdoc-openapi is: 413 ms
2025-08-09T10:17:13.053+05:30  WARN 21688 --- [QuizApplication_monorepo] [http-nio-8080-exec-2] .m.m.a.ExceptionHandlerExceptionResolver : Resolved [org.springframework.web.servlet.resource.NoResourceFoundException: No static resource favicon.ico.]
2025-08-09T10:37:31.915+05:30  INFO 21688 --- [QuizApplication_monorepo] [RMI TCP Connection(25)-127.0.0.1] inMXBeanRegistrar$SpringApplicationAdmin : Application shutdown requested.
2025-08-09T10:37:32.008+05:30  INFO 21688 --- [QuizApplication_monorepo] [RMI TCP Connection(25)-127.0.0.1] j.LocalContainerEntityManagerFactoryBean : Closing JPA EntityManagerFactory for persistence unit 'default'
2025-08-09T10:37:32.049+05:30  INFO 21688 --- [QuizApplication_monorepo] [RMI TCP Connection(25)-127.0.0.1] com.zaxxer.hikari.HikariDataSource       : HikariPool-1 - Shutdown initiated...
2025-08-09T10:37:32.102+05:30  INFO 21688 --- [QuizApplication_monorepo] [RMI TCP Connection(25)-127.0.0.1] com.zaxxer.hikari.HikariDataSource       : HikariPool-1 - Shutdown completed.
